2017-06-06 18:05:55,442 ERROR 1490 [-/-/::1/baec6700-4a9f-11e7-b4ef-f3921492adf3/9ms GET /favicon.ico] nodejs.InternalServerError: a security problem has been detected for url "https://www.alibaba.com/favicon.ico", redirection is prohibited.
    at Object.throw (/Users/Vayron/site/ucoin/admin/server/node_modules/.1.4.0@koa/lib/context.js:89:23)
    at Object.redirect (/Users/Vayron/site/ucoin/admin/server/node_modules/egg-security/lib/safe_redirect.js:64:34)
    at Object.proto.(anonymous function) [as redirect] (/Users/Vayron/site/ucoin/admin/server/node_modules/.1.0.0@delegates/index.js:40:31)
    at Object.siteFile (/Users/Vayron/site/ucoin/admin/server/node_modules/.1.3.0@egg/app/middleware/site_file.js:17:50)
    at next (native)
    at onFulfilled (/Users/Vayron/site/ucoin/admin/server/node_modules/.4.6.0@co/index.js:65:19)
    at /Users/Vayron/site/ucoin/admin/server/node_modules/.4.6.0@co/index.js:54:5
    at Object.co (/Users/Vayron/site/ucoin/admin/server/node_modules/.4.6.0@co/index.js:50:10)
    at Object.toPromise (/Users/Vayron/site/ucoin/admin/server/node_modules/.4.6.0@co/index.js:118:63)
    at next (/Users/Vayron/site/ucoin/admin/server/node_modules/.4.6.0@co/index.js:99:29)
message: 'a security problem has been detected for url "https://www.alibaba.com/favicon.ico", redirection is prohibited.'
pid: 1490
hostname: Vayron.local

2017-06-06 18:05:59,796 ERROR 1490 [-/-/::1/bd84ec30-4a9f-11e7-b4ef-f3921492adf3/2ms GET /favicon.ico] nodejs.InternalServerError: a security problem has been detected for url "https://www.alibaba.com/favicon.ico", redirection is prohibited.
    at Object.throw (/Users/Vayron/site/ucoin/admin/server/node_modules/.1.4.0@koa/lib/context.js:89:23)
    at Object.redirect (/Users/Vayron/site/ucoin/admin/server/node_modules/egg-security/lib/safe_redirect.js:64:34)
    at Object.proto.(anonymous function) [as redirect] (/Users/Vayron/site/ucoin/admin/server/node_modules/.1.0.0@delegates/index.js:40:31)
    at Object.siteFile (/Users/Vayron/site/ucoin/admin/server/node_modules/.1.3.0@egg/app/middleware/site_file.js:17:50)
    at next (native)
    at onFulfilled (/Users/Vayron/site/ucoin/admin/server/node_modules/.4.6.0@co/index.js:65:19)
    at /Users/Vayron/site/ucoin/admin/server/node_modules/.4.6.0@co/index.js:54:5
    at Object.co (/Users/Vayron/site/ucoin/admin/server/node_modules/.4.6.0@co/index.js:50:10)
    at Object.toPromise (/Users/Vayron/site/ucoin/admin/server/node_modules/.4.6.0@co/index.js:118:63)
    at next (/Users/Vayron/site/ucoin/admin/server/node_modules/.4.6.0@co/index.js:99:29)
message: 'a security problem has been detected for url "https://www.alibaba.com/favicon.ico", redirection is prohibited.'
pid: 1490
hostname: Vayron.local

2017-06-06 18:06:05,633 ERROR 1490 [-/-/::1/c0ffbb10-4a9f-11e7-b4ef-f3921492adf3/2ms GET /favicon.ico] nodejs.InternalServerError: a security problem has been detected for url "https://www.alibaba.com/favicon.ico", redirection is prohibited.
    at Object.throw (/Users/Vayron/site/ucoin/admin/server/node_modules/.1.4.0@koa/lib/context.js:89:23)
    at Object.redirect (/Users/Vayron/site/ucoin/admin/server/node_modules/egg-security/lib/safe_redirect.js:64:34)
    at Object.proto.(anonymous function) [as redirect] (/Users/Vayron/site/ucoin/admin/server/node_modules/.1.0.0@delegates/index.js:40:31)
    at Object.siteFile (/Users/Vayron/site/ucoin/admin/server/node_modules/.1.3.0@egg/app/middleware/site_file.js:17:50)
    at next (native)
    at onFulfilled (/Users/Vayron/site/ucoin/admin/server/node_modules/.4.6.0@co/index.js:65:19)
    at /Users/Vayron/site/ucoin/admin/server/node_modules/.4.6.0@co/index.js:54:5
    at Object.co (/Users/Vayron/site/ucoin/admin/server/node_modules/.4.6.0@co/index.js:50:10)
    at Object.toPromise (/Users/Vayron/site/ucoin/admin/server/node_modules/.4.6.0@co/index.js:118:63)
    at next (/Users/Vayron/site/ucoin/admin/server/node_modules/.4.6.0@co/index.js:99:29)
message: 'a security problem has been detected for url "https://www.alibaba.com/favicon.ico", redirection is prohibited.'
pid: 1490
hostname: Vayron.local

2017-06-06 18:06:39,723 ERROR 1490 [-/-/::1/d5514ca0-4a9f-11e7-b4ef-f3921492adf3/0ms GET /favicon.ico] nodejs.InternalServerError: a security problem has been detected for url "https://www.alibaba.com/favicon.ico", redirection is prohibited.
    at Object.throw (/Users/Vayron/site/ucoin/admin/server/node_modules/.1.4.0@koa/lib/context.js:89:23)
    at Object.redirect (/Users/Vayron/site/ucoin/admin/server/node_modules/egg-security/lib/safe_redirect.js:64:34)
    at Object.proto.(anonymous function) [as redirect] (/Users/Vayron/site/ucoin/admin/server/node_modules/.1.0.0@delegates/index.js:40:31)
    at Object.siteFile (/Users/Vayron/site/ucoin/admin/server/node_modules/.1.3.0@egg/app/middleware/site_file.js:17:50)
    at next (native)
    at onFulfilled (/Users/Vayron/site/ucoin/admin/server/node_modules/.4.6.0@co/index.js:65:19)
    at /Users/Vayron/site/ucoin/admin/server/node_modules/.4.6.0@co/index.js:54:5
    at Object.co (/Users/Vayron/site/ucoin/admin/server/node_modules/.4.6.0@co/index.js:50:10)
    at Object.toPromise (/Users/Vayron/site/ucoin/admin/server/node_modules/.4.6.0@co/index.js:118:63)
    at next (/Users/Vayron/site/ucoin/admin/server/node_modules/.4.6.0@co/index.js:99:29)
message: 'a security problem has been detected for url "https://www.alibaba.com/favicon.ico", redirection is prohibited.'
pid: 1490
hostname: Vayron.local

2017-06-06 18:06:48,271 ERROR 1490 [-/-/::1/da69c5f0-4a9f-11e7-b4ef-f3921492adf3/2ms GET /favicon.ico] nodejs.InternalServerError: a security problem has been detected for url "https://www.alibaba.com/favicon.ico", redirection is prohibited.
    at Object.throw (/Users/Vayron/site/ucoin/admin/server/node_modules/.1.4.0@koa/lib/context.js:89:23)
    at Object.redirect (/Users/Vayron/site/ucoin/admin/server/node_modules/egg-security/lib/safe_redirect.js:64:34)
    at Object.proto.(anonymous function) [as redirect] (/Users/Vayron/site/ucoin/admin/server/node_modules/.1.0.0@delegates/index.js:40:31)
    at Object.siteFile (/Users/Vayron/site/ucoin/admin/server/node_modules/.1.3.0@egg/app/middleware/site_file.js:17:50)
    at next (native)
    at onFulfilled (/Users/Vayron/site/ucoin/admin/server/node_modules/.4.6.0@co/index.js:65:19)
    at /Users/Vayron/site/ucoin/admin/server/node_modules/.4.6.0@co/index.js:54:5
    at Object.co (/Users/Vayron/site/ucoin/admin/server/node_modules/.4.6.0@co/index.js:50:10)
    at Object.toPromise (/Users/Vayron/site/ucoin/admin/server/node_modules/.4.6.0@co/index.js:118:63)
    at next (/Users/Vayron/site/ucoin/admin/server/node_modules/.4.6.0@co/index.js:99:29)
message: 'a security problem has been detected for url "https://www.alibaba.com/favicon.ico", redirection is prohibited.'
pid: 1490
hostname: Vayron.local

2017-06-06 18:06:52,106 ERROR 1490 [-/-/::1/dcb2f2a0-4a9f-11e7-b4ef-f3921492adf3/2ms GET /favicon.ico] nodejs.InternalServerError: a security problem has been detected for url "https://www.alibaba.com/favicon.ico", redirection is prohibited.
    at Object.throw (/Users/Vayron/site/ucoin/admin/server/node_modules/.1.4.0@koa/lib/context.js:89:23)
    at Object.redirect (/Users/Vayron/site/ucoin/admin/server/node_modules/egg-security/lib/safe_redirect.js:64:34)
    at Object.proto.(anonymous function) [as redirect] (/Users/Vayron/site/ucoin/admin/server/node_modules/.1.0.0@delegates/index.js:40:31)
    at Object.siteFile (/Users/Vayron/site/ucoin/admin/server/node_modules/.1.3.0@egg/app/middleware/site_file.js:17:50)
    at next (native)
    at onFulfilled (/Users/Vayron/site/ucoin/admin/server/node_modules/.4.6.0@co/index.js:65:19)
    at /Users/Vayron/site/ucoin/admin/server/node_modules/.4.6.0@co/index.js:54:5
    at Object.co (/Users/Vayron/site/ucoin/admin/server/node_modules/.4.6.0@co/index.js:50:10)
    at Object.toPromise (/Users/Vayron/site/ucoin/admin/server/node_modules/.4.6.0@co/index.js:118:63)
    at next (/Users/Vayron/site/ucoin/admin/server/node_modules/.4.6.0@co/index.js:99:29)
message: 'a security problem has been detected for url "https://www.alibaba.com/favicon.ico", redirection is prohibited.'
pid: 1490
hostname: Vayron.local

2017-06-06 18:06:57,936 ERROR 1490 [-/-/::1/e02c8900-4a9f-11e7-b4ef-f3921492adf3/1ms GET /favicon.ico] nodejs.InternalServerError: a security problem has been detected for url "https://www.alibaba.com/favicon.ico", redirection is prohibited.
    at Object.throw (/Users/Vayron/site/ucoin/admin/server/node_modules/.1.4.0@koa/lib/context.js:89:23)
    at Object.redirect (/Users/Vayron/site/ucoin/admin/server/node_modules/egg-security/lib/safe_redirect.js:64:34)
    at Object.proto.(anonymous function) [as redirect] (/Users/Vayron/site/ucoin/admin/server/node_modules/.1.0.0@delegates/index.js:40:31)
    at Object.siteFile (/Users/Vayron/site/ucoin/admin/server/node_modules/.1.3.0@egg/app/middleware/site_file.js:17:50)
    at next (native)
    at onFulfilled (/Users/Vayron/site/ucoin/admin/server/node_modules/.4.6.0@co/index.js:65:19)
    at /Users/Vayron/site/ucoin/admin/server/node_modules/.4.6.0@co/index.js:54:5
    at Object.co (/Users/Vayron/site/ucoin/admin/server/node_modules/.4.6.0@co/index.js:50:10)
    at Object.toPromise (/Users/Vayron/site/ucoin/admin/server/node_modules/.4.6.0@co/index.js:118:63)
    at next (/Users/Vayron/site/ucoin/admin/server/node_modules/.4.6.0@co/index.js:99:29)
message: 'a security problem has been detected for url "https://www.alibaba.com/favicon.ico", redirection is prohibited.'
pid: 1490
hostname: Vayron.local

2017-06-06 18:07:04,261 ERROR 1490 [-/-/::1/e3f18040-4a9f-11e7-b4ef-f3921492adf3/1ms GET /favicon.ico] nodejs.InternalServerError: a security problem has been detected for url "https://www.alibaba.com/favicon.ico", redirection is prohibited.
    at Object.throw (/Users/Vayron/site/ucoin/admin/server/node_modules/.1.4.0@koa/lib/context.js:89:23)
    at Object.redirect (/Users/Vayron/site/ucoin/admin/server/node_modules/egg-security/lib/safe_redirect.js:64:34)
    at Object.proto.(anonymous function) [as redirect] (/Users/Vayron/site/ucoin/admin/server/node_modules/.1.0.0@delegates/index.js:40:31)
    at Object.siteFile (/Users/Vayron/site/ucoin/admin/server/node_modules/.1.3.0@egg/app/middleware/site_file.js:17:50)
    at next (native)
    at onFulfilled (/Users/Vayron/site/ucoin/admin/server/node_modules/.4.6.0@co/index.js:65:19)
    at /Users/Vayron/site/ucoin/admin/server/node_modules/.4.6.0@co/index.js:54:5
    at Object.co (/Users/Vayron/site/ucoin/admin/server/node_modules/.4.6.0@co/index.js:50:10)
    at Object.toPromise (/Users/Vayron/site/ucoin/admin/server/node_modules/.4.6.0@co/index.js:118:63)
    at next (/Users/Vayron/site/ucoin/admin/server/node_modules/.4.6.0@co/index.js:99:29)
message: 'a security problem has been detected for url "https://www.alibaba.com/favicon.ico", redirection is prohibited.'
pid: 1490
hostname: Vayron.local

2017-06-06 18:07:08,845 ERROR 1490 [-/-/::1/e6acf6c0-4a9f-11e7-b4ef-f3921492adf3/2ms GET /favicon.ico] nodejs.InternalServerError: a security problem has been detected for url "https://www.alibaba.com/favicon.ico", redirection is prohibited.
    at Object.throw (/Users/Vayron/site/ucoin/admin/server/node_modules/.1.4.0@koa/lib/context.js:89:23)
    at Object.redirect (/Users/Vayron/site/ucoin/admin/server/node_modules/egg-security/lib/safe_redirect.js:64:34)
    at Object.proto.(anonymous function) [as redirect] (/Users/Vayron/site/ucoin/admin/server/node_modules/.1.0.0@delegates/index.js:40:31)
    at Object.siteFile (/Users/Vayron/site/ucoin/admin/server/node_modules/.1.3.0@egg/app/middleware/site_file.js:17:50)
    at next (native)
    at onFulfilled (/Users/Vayron/site/ucoin/admin/server/node_modules/.4.6.0@co/index.js:65:19)
    at /Users/Vayron/site/ucoin/admin/server/node_modules/.4.6.0@co/index.js:54:5
    at Object.co (/Users/Vayron/site/ucoin/admin/server/node_modules/.4.6.0@co/index.js:50:10)
    at Object.toPromise (/Users/Vayron/site/ucoin/admin/server/node_modules/.4.6.0@co/index.js:118:63)
    at next (/Users/Vayron/site/ucoin/admin/server/node_modules/.4.6.0@co/index.js:99:29)
message: 'a security problem has been detected for url "https://www.alibaba.com/favicon.ico", redirection is prohibited.'
pid: 1490
hostname: Vayron.local

2017-06-06 18:08:41,642 ERROR 6396 [-/-/::1/1dfc3460-4aa0-11e7-891f-6dc91de6159b/25ms GET /ucoinadmin/api/consume/list] nodejs.TypeError: Cannot read property 'bucid' of undefined
    at Object.query (/Users/Vayron/site/ucoin/admin/server/app/middleware/accessability.js:18:24)
    at next (native)
    at onFulfilled (/Users/Vayron/site/ucoin/admin/server/node_modules/.4.6.0@co/index.js:65:19)
    at /Users/Vayron/site/ucoin/admin/server/node_modules/.4.6.0@co/index.js:54:5
    at Object.co (/Users/Vayron/site/ucoin/admin/server/node_modules/.4.6.0@co/index.js:50:10)
    at Object.toPromise (/Users/Vayron/site/ucoin/admin/server/node_modules/.4.6.0@co/index.js:118:63)
    at next (/Users/Vayron/site/ucoin/admin/server/node_modules/.4.6.0@co/index.js:99:29)
    at onFulfilled (/Users/Vayron/site/ucoin/admin/server/node_modules/.4.6.0@co/index.js:69:7)
    at /Users/Vayron/site/ucoin/admin/server/node_modules/.4.6.0@co/index.js:54:5
    at Object.co (/Users/Vayron/site/ucoin/admin/server/node_modules/.4.6.0@co/index.js:50:10)
headers: { 'Access-Control-Allow-Origin': 'http://localhost:3000' }
pid: 6396
hostname: Vayron.local

2017-06-06 18:08:57,375 ERROR 6396 [-/-/::1/275d2cd0-4aa0-11e7-891f-6dc91de6159b/8ms GET /ucoinadmin/api/consume/list] nodejs.TypeError: Cannot read property 'bucid' of undefined
    at Object.query (/Users/Vayron/site/ucoin/admin/server/app/middleware/accessability.js:18:24)
    at next (native)
    at onFulfilled (/Users/Vayron/site/ucoin/admin/server/node_modules/.4.6.0@co/index.js:65:19)
    at /Users/Vayron/site/ucoin/admin/server/node_modules/.4.6.0@co/index.js:54:5
    at Object.co (/Users/Vayron/site/ucoin/admin/server/node_modules/.4.6.0@co/index.js:50:10)
    at Object.toPromise (/Users/Vayron/site/ucoin/admin/server/node_modules/.4.6.0@co/index.js:118:63)
    at next (/Users/Vayron/site/ucoin/admin/server/node_modules/.4.6.0@co/index.js:99:29)
    at onFulfilled (/Users/Vayron/site/ucoin/admin/server/node_modules/.4.6.0@co/index.js:69:7)
    at /Users/Vayron/site/ucoin/admin/server/node_modules/.4.6.0@co/index.js:54:5
    at Object.co (/Users/Vayron/site/ucoin/admin/server/node_modules/.4.6.0@co/index.js:50:10)
headers: { 'Access-Control-Allow-Origin': 'http://localhost:3000' }
pid: 6396
hostname: Vayron.local

2017-06-06 18:09:15,656 ERROR 6415 [-/-/::1/32420620-4aa0-11e7-8184-77f1292afd6a/29ms GET /login] nodejs.InternalServerError: a security problem has been detected for url "https://login.alibaba-inc.com/ssoLogin.htm?APP_NAME=ucoin-admin&CLIENT_VERSION=0.3.7&CONTEXT_PATH=%2F&BACK_URL=http%3A%2F%2Flocalhost%3A7001%2FsendBucSSOToken.do", redirection is prohibited.
    at Object.throw (/Users/Vayron/site/ucoin/admin/server/node_modules/.1.4.0@koa/lib/context.js:89:23)
    at Object.redirect (/Users/Vayron/site/ucoin/admin/server/node_modules/egg-security/lib/safe_redirect.js:64:34)
    at Object.proto.(anonymous function) [as redirect] (/Users/Vayron/site/ucoin/admin/server/node_modules/.1.0.0@delegates/index.js:40:31)
    at redirect (/Users/Vayron/site/ucoin/admin/server/node_modules/.1.4.0@koa-userauth/index.js:257:14)
    at Object.loginHandler (/Users/Vayron/site/ucoin/admin/server/node_modules/.1.4.0@koa-userauth/index.js:304:5)
    at next (native)
    at onFulfilled (/Users/Vayron/site/ucoin/admin/server/node_modules/.4.6.0@co/index.js:65:19)
    at /Users/Vayron/site/ucoin/admin/server/node_modules/.4.6.0@co/index.js:54:5
    at Object.co (/Users/Vayron/site/ucoin/admin/server/node_modules/.4.6.0@co/index.js:50:10)
    at Object.toPromise (/Users/Vayron/site/ucoin/admin/server/node_modules/.4.6.0@co/index.js:118:63)
message: 'a security problem has been detected for url "https://login.alibaba-inc.com/ssoLogin.htm?APP_NAME=ucoin-admin&CLIENT_VERSION=0.3.7&CONTEXT_PATH=%2F&BACK_URL=http%3A%2F%2Flocalhost%3A7001%2FsendBucSSOToken.do", redirection is prohibited.'
headers: { 'Access-Control-Allow-Origin': 'http://localhost:3000' }
pid: 6415
hostname: Vayron.local

2017-06-06 18:09:26,904 ERROR 6415 [-/-/::1/38f6f160-4aa0-11e7-8184-77f1292afd6a/4ms GET /login] nodejs.InternalServerError: a security problem has been detected for url "https://login.alibaba-inc.com/ssoLogin.htm?APP_NAME=ucoin-admin&CLIENT_VERSION=0.3.7&CONTEXT_PATH=%2F&BACK_URL=http%3A%2F%2Flocalhost%3A7001%2FsendBucSSOToken.do", redirection is prohibited.
    at Object.throw (/Users/Vayron/site/ucoin/admin/server/node_modules/.1.4.0@koa/lib/context.js:89:23)
    at Object.redirect (/Users/Vayron/site/ucoin/admin/server/node_modules/egg-security/lib/safe_redirect.js:64:34)
    at Object.proto.(anonymous function) [as redirect] (/Users/Vayron/site/ucoin/admin/server/node_modules/.1.0.0@delegates/index.js:40:31)
    at redirect (/Users/Vayron/site/ucoin/admin/server/node_modules/.1.4.0@koa-userauth/index.js:257:14)
    at Object.loginHandler (/Users/Vayron/site/ucoin/admin/server/node_modules/.1.4.0@koa-userauth/index.js:304:5)
    at next (native)
    at onFulfilled (/Users/Vayron/site/ucoin/admin/server/node_modules/.4.6.0@co/index.js:65:19)
    at /Users/Vayron/site/ucoin/admin/server/node_modules/.4.6.0@co/index.js:54:5
    at Object.co (/Users/Vayron/site/ucoin/admin/server/node_modules/.4.6.0@co/index.js:50:10)
    at Object.toPromise (/Users/Vayron/site/ucoin/admin/server/node_modules/.4.6.0@co/index.js:118:63)
message: 'a security problem has been detected for url "https://login.alibaba-inc.com/ssoLogin.htm?APP_NAME=ucoin-admin&CLIENT_VERSION=0.3.7&CONTEXT_PATH=%2F&BACK_URL=http%3A%2F%2Flocalhost%3A7001%2FsendBucSSOToken.do", redirection is prohibited.'
headers: { 'Access-Control-Allow-Origin': 'http://localhost:3000' }
pid: 6415
hostname: Vayron.local

2017-06-06 18:53:55,653 ERROR 8849 [-/-/::1/6fa9b930-4aa6-11e7-83b1-a7acadca0c2a/20ms GET /ucoinadmin/api/user] nodejs.TypeError: Cannot read property 'userid' of undefined
    at Object.assemble_args (/Users/Vayron/site/ucoin/admin/server/app/common/commFunc.js:12:24)
    at UserController.index (/Users/Vayron/site/ucoin/admin/server/app/controller/user.js:8:36)
    at next (native)
    at onFulfilled (/Users/Vayron/site/ucoin/admin/server/node_modules/.4.6.0@co/index.js:65:19)
    at /Users/Vayron/site/ucoin/admin/server/node_modules/.4.6.0@co/index.js:54:5
    at Object.co (/Users/Vayron/site/ucoin/admin/server/node_modules/.4.6.0@co/index.js:50:10)
    at Object.toPromise (/Users/Vayron/site/ucoin/admin/server/node_modules/.4.6.0@co/index.js:118:63)
    at next (/Users/Vayron/site/ucoin/admin/server/node_modules/.4.6.0@co/index.js:99:29)
    at onFulfilled (/Users/Vayron/site/ucoin/admin/server/node_modules/.4.6.0@co/index.js:69:7)
    at /Users/Vayron/site/ucoin/admin/server/node_modules/.4.6.0@co/index.js:54:5

pid: 8849
hostname: Vayron.local

2017-06-06 19:25:14,105 ERROR 1489 nodejs.ClusterClientNoResponseError: client no response in 1145966ms exceeding maxIdleTime 30000ms, maybe the connection is close on other side.
    at Timeout.Leader._heartbeatTimer.setInterval [as _onTimeout] (/Users/Vayron/site/ucoin/admin/server/node_modules/.1.6.4@cluster-client/lib/leader.js:72:23)
    at ontimeout (timers.js:365:14)
    at tryOnTimeout (timers.js:237:5)
    at Timer.listOnTimeout (timers.js:207:5)
name: 'ClusterClientNoResponseError'
pid: 1489
hostname: Vayron.local

2017-06-07 11:11:59,520 ERROR 15919 [-/-/::1/11f897a0-4b2f-11e7-9f08-2521ee6846bd/30ms GET /login] nodejs.InternalServerError: a security problem has been detected for url "https://login.alibaba-inc.com/ssoLogin.htm?APP_NAME=ucoin-admin&CLIENT_VERSION=0.3.7&CONTEXT_PATH=%2F&BACK_URL=http%3A%2F%2Flocalhost%3A7001%2FsendBucSSOToken.do", redirection is prohibited.
    at Object.throw (/Users/Vayron/site/ucoin/admin/server/node_modules/.1.4.0@koa/lib/context.js:89:23)
    at Object.redirect (/Users/Vayron/site/ucoin/admin/server/node_modules/egg-security/lib/safe_redirect.js:64:34)
    at Object.proto.(anonymous function) [as redirect] (/Users/Vayron/site/ucoin/admin/server/node_modules/.1.0.0@delegates/index.js:40:31)
    at redirect (/Users/Vayron/site/ucoin/admin/server/node_modules/.1.4.0@koa-userauth/index.js:257:14)
    at Object.loginHandler (/Users/Vayron/site/ucoin/admin/server/node_modules/.1.4.0@koa-userauth/index.js:304:5)
    at next (native)
    at onFulfilled (/Users/Vayron/site/ucoin/admin/server/node_modules/.4.6.0@co/index.js:65:19)
    at /Users/Vayron/site/ucoin/admin/server/node_modules/.4.6.0@co/index.js:54:5
    at Object.co (/Users/Vayron/site/ucoin/admin/server/node_modules/.4.6.0@co/index.js:50:10)
    at Object.toPromise (/Users/Vayron/site/ucoin/admin/server/node_modules/.4.6.0@co/index.js:118:63)
message: 'a security problem has been detected for url "https://login.alibaba-inc.com/ssoLogin.htm?APP_NAME=ucoin-admin&CLIENT_VERSION=0.3.7&CONTEXT_PATH=%2F&BACK_URL=http%3A%2F%2Flocalhost%3A7001%2FsendBucSSOToken.do", redirection is prohibited.'
headers: { 'Access-Control-Allow-Origin': 'http://localhost:3000' }
pid: 15919
hostname: Vayron.local

2017-06-07 11:12:02,196 ERROR 15919 [-/-/::1/1391ae30-4b2f-11e7-9f08-2521ee6846bd/5ms GET /login] nodejs.InternalServerError: a security problem has been detected for url "https://login.alibaba-inc.com/ssoLogin.htm?APP_NAME=ucoin-admin&CLIENT_VERSION=0.3.7&CONTEXT_PATH=%2F&BACK_URL=http%3A%2F%2Flocalhost%3A7001%2FsendBucSSOToken.do", redirection is prohibited.
    at Object.throw (/Users/Vayron/site/ucoin/admin/server/node_modules/.1.4.0@koa/lib/context.js:89:23)
    at Object.redirect (/Users/Vayron/site/ucoin/admin/server/node_modules/egg-security/lib/safe_redirect.js:64:34)
    at Object.proto.(anonymous function) [as redirect] (/Users/Vayron/site/ucoin/admin/server/node_modules/.1.0.0@delegates/index.js:40:31)
    at redirect (/Users/Vayron/site/ucoin/admin/server/node_modules/.1.4.0@koa-userauth/index.js:257:14)
    at Object.loginHandler (/Users/Vayron/site/ucoin/admin/server/node_modules/.1.4.0@koa-userauth/index.js:304:5)
    at next (native)
    at onFulfilled (/Users/Vayron/site/ucoin/admin/server/node_modules/.4.6.0@co/index.js:65:19)
    at /Users/Vayron/site/ucoin/admin/server/node_modules/.4.6.0@co/index.js:54:5
    at Object.co (/Users/Vayron/site/ucoin/admin/server/node_modules/.4.6.0@co/index.js:50:10)
    at Object.toPromise (/Users/Vayron/site/ucoin/admin/server/node_modules/.4.6.0@co/index.js:118:63)
message: 'a security problem has been detected for url "https://login.alibaba-inc.com/ssoLogin.htm?APP_NAME=ucoin-admin&CLIENT_VERSION=0.3.7&CONTEXT_PATH=%2F&BACK_URL=http%3A%2F%2Flocalhost%3A7001%2FsendBucSSOToken.do", redirection is prohibited.'
headers: { 'Access-Control-Allow-Origin': 'http://localhost:3000' }
pid: 15919
hostname: Vayron.local

2017-06-07 11:12:06,396 ERROR 15919 [-/-/::1/16128cb0-4b2f-11e7-9f08-2521ee6846bd/5ms GET /login] nodejs.InternalServerError: a security problem has been detected for url "https://login.alibaba-inc.com/ssoLogin.htm?APP_NAME=ucoin-admin&CLIENT_VERSION=0.3.7&CONTEXT_PATH=%2F&BACK_URL=http%3A%2F%2Flocalhost%3A7001%2FsendBucSSOToken.do", redirection is prohibited.
    at Object.throw (/Users/Vayron/site/ucoin/admin/server/node_modules/.1.4.0@koa/lib/context.js:89:23)
    at Object.redirect (/Users/Vayron/site/ucoin/admin/server/node_modules/egg-security/lib/safe_redirect.js:64:34)
    at Object.proto.(anonymous function) [as redirect] (/Users/Vayron/site/ucoin/admin/server/node_modules/.1.0.0@delegates/index.js:40:31)
    at redirect (/Users/Vayron/site/ucoin/admin/server/node_modules/.1.4.0@koa-userauth/index.js:257:14)
    at Object.loginHandler (/Users/Vayron/site/ucoin/admin/server/node_modules/.1.4.0@koa-userauth/index.js:304:5)
    at next (native)
    at onFulfilled (/Users/Vayron/site/ucoin/admin/server/node_modules/.4.6.0@co/index.js:65:19)
    at /Users/Vayron/site/ucoin/admin/server/node_modules/.4.6.0@co/index.js:54:5
    at Object.co (/Users/Vayron/site/ucoin/admin/server/node_modules/.4.6.0@co/index.js:50:10)
    at Object.toPromise (/Users/Vayron/site/ucoin/admin/server/node_modules/.4.6.0@co/index.js:118:63)
message: 'a security problem has been detected for url "https://login.alibaba-inc.com/ssoLogin.htm?APP_NAME=ucoin-admin&CLIENT_VERSION=0.3.7&CONTEXT_PATH=%2F&BACK_URL=http%3A%2F%2Flocalhost%3A7001%2FsendBucSSOToken.do", redirection is prohibited.'
headers: { 'Access-Control-Allow-Origin': 'http://localhost:3000' }
pid: 15919
hostname: Vayron.local

2017-06-07 11:12:58,781 ERROR 15919 [-/-/::1/354bddc0-4b2f-11e7-9f08-2521ee6846bd/2ms GET /login] nodejs.InternalServerError: a security problem has been detected for url "https://login.alibaba-inc.com/ssoLogin.htm?APP_NAME=ucoin-admin&CLIENT_VERSION=0.3.7&CONTEXT_PATH=%2F&BACK_URL=http%3A%2F%2Flocalhost%3A7001%2FsendBucSSOToken.do", redirection is prohibited.
    at Object.throw (/Users/Vayron/site/ucoin/admin/server/node_modules/.1.4.0@koa/lib/context.js:89:23)
    at Object.redirect (/Users/Vayron/site/ucoin/admin/server/node_modules/egg-security/lib/safe_redirect.js:64:34)
    at Object.proto.(anonymous function) [as redirect] (/Users/Vayron/site/ucoin/admin/server/node_modules/.1.0.0@delegates/index.js:40:31)
    at redirect (/Users/Vayron/site/ucoin/admin/server/node_modules/.1.4.0@koa-userauth/index.js:257:14)
    at Object.loginHandler (/Users/Vayron/site/ucoin/admin/server/node_modules/.1.4.0@koa-userauth/index.js:304:5)
    at next (native)
    at onFulfilled (/Users/Vayron/site/ucoin/admin/server/node_modules/.4.6.0@co/index.js:65:19)
    at /Users/Vayron/site/ucoin/admin/server/node_modules/.4.6.0@co/index.js:54:5
    at Object.co (/Users/Vayron/site/ucoin/admin/server/node_modules/.4.6.0@co/index.js:50:10)
    at Object.toPromise (/Users/Vayron/site/ucoin/admin/server/node_modules/.4.6.0@co/index.js:118:63)
message: 'a security problem has been detected for url "https://login.alibaba-inc.com/ssoLogin.htm?APP_NAME=ucoin-admin&CLIENT_VERSION=0.3.7&CONTEXT_PATH=%2F&BACK_URL=http%3A%2F%2Flocalhost%3A7001%2FsendBucSSOToken.do", redirection is prohibited.'
headers: { 'Access-Control-Allow-Origin': 'http://localhost:3000' }
pid: 15919
hostname: Vayron.local

2017-06-07 11:13:01,821 ERROR 15919 [-/-/::1/371bbbc0-4b2f-11e7-9f08-2521ee6846bd/4ms GET /login] nodejs.InternalServerError: a security problem has been detected for url "https://login.alibaba-inc.com/ssoLogin.htm?APP_NAME=ucoin-admin&CLIENT_VERSION=0.3.7&CONTEXT_PATH=%2F&BACK_URL=http%3A%2F%2Flocalhost%3A7001%2FsendBucSSOToken.do", redirection is prohibited.
    at Object.throw (/Users/Vayron/site/ucoin/admin/server/node_modules/.1.4.0@koa/lib/context.js:89:23)
    at Object.redirect (/Users/Vayron/site/ucoin/admin/server/node_modules/egg-security/lib/safe_redirect.js:64:34)
    at Object.proto.(anonymous function) [as redirect] (/Users/Vayron/site/ucoin/admin/server/node_modules/.1.0.0@delegates/index.js:40:31)
    at redirect (/Users/Vayron/site/ucoin/admin/server/node_modules/.1.4.0@koa-userauth/index.js:257:14)
    at Object.loginHandler (/Users/Vayron/site/ucoin/admin/server/node_modules/.1.4.0@koa-userauth/index.js:304:5)
    at next (native)
    at onFulfilled (/Users/Vayron/site/ucoin/admin/server/node_modules/.4.6.0@co/index.js:65:19)
    at /Users/Vayron/site/ucoin/admin/server/node_modules/.4.6.0@co/index.js:54:5
    at Object.co (/Users/Vayron/site/ucoin/admin/server/node_modules/.4.6.0@co/index.js:50:10)
    at Object.toPromise (/Users/Vayron/site/ucoin/admin/server/node_modules/.4.6.0@co/index.js:118:63)
message: 'a security problem has been detected for url "https://login.alibaba-inc.com/ssoLogin.htm?APP_NAME=ucoin-admin&CLIENT_VERSION=0.3.7&CONTEXT_PATH=%2F&BACK_URL=http%3A%2F%2Flocalhost%3A7001%2FsendBucSSOToken.do", redirection is prohibited.'
headers: { 'Access-Control-Allow-Origin': 'http://localhost:3000' }
pid: 15919
hostname: Vayron.local

2017-06-07 11:13:20,781 ERROR 15919 [-/-/::1/4268f3d0-4b2f-11e7-9f08-2521ee6846bd/5ms GET /login] nodejs.InternalServerError: a security problem has been detected for url "https://login.alibaba-inc.com/ssoLogin.htm?APP_NAME=ucoin-admin&CLIENT_VERSION=0.3.7&CONTEXT_PATH=%2F&BACK_URL=http%3A%2F%2Flocalhost%3A7001%2FsendBucSSOToken.do", redirection is prohibited.
    at Object.throw (/Users/Vayron/site/ucoin/admin/server/node_modules/.1.4.0@koa/lib/context.js:89:23)
    at Object.redirect (/Users/Vayron/site/ucoin/admin/server/node_modules/egg-security/lib/safe_redirect.js:64:34)
    at Object.proto.(anonymous function) [as redirect] (/Users/Vayron/site/ucoin/admin/server/node_modules/.1.0.0@delegates/index.js:40:31)
    at redirect (/Users/Vayron/site/ucoin/admin/server/node_modules/.1.4.0@koa-userauth/index.js:257:14)
    at Object.loginHandler (/Users/Vayron/site/ucoin/admin/server/node_modules/.1.4.0@koa-userauth/index.js:304:5)
    at next (native)
    at onFulfilled (/Users/Vayron/site/ucoin/admin/server/node_modules/.4.6.0@co/index.js:65:19)
    at /Users/Vayron/site/ucoin/admin/server/node_modules/.4.6.0@co/index.js:54:5
    at Object.co (/Users/Vayron/site/ucoin/admin/server/node_modules/.4.6.0@co/index.js:50:10)
    at Object.toPromise (/Users/Vayron/site/ucoin/admin/server/node_modules/.4.6.0@co/index.js:118:63)
message: 'a security problem has been detected for url "https://login.alibaba-inc.com/ssoLogin.htm?APP_NAME=ucoin-admin&CLIENT_VERSION=0.3.7&CONTEXT_PATH=%2F&BACK_URL=http%3A%2F%2Flocalhost%3A7001%2FsendBucSSOToken.do", redirection is prohibited.'
headers: { 'Access-Control-Allow-Origin': 'http://localhost:3000' }
pid: 15919
hostname: Vayron.local

2017-06-07 11:21:22,328 ERROR 16075 [-/-/::1/616e4720-4b30-11e7-82c5-4bc7ab0d7a60/39ms GET /login] nodejs.InternalServerError: a security problem has been detected for url "https://login.alibaba-inc.com/ssoLogin.htm?APP_NAME=ucoin-admin&CLIENT_VERSION=0.3.7&CONTEXT_PATH=%2F&BACK_URL=http%3A%2F%2Flocalhost%3A7001%2FsendBucSSOToken.do", redirection is prohibited.
    at Object.throw (/Users/Vayron/site/ucoin/admin/server/node_modules/.1.4.0@koa/lib/context.js:89:23)
    at Object.redirect (/Users/Vayron/site/ucoin/admin/server/node_modules/egg-security/lib/safe_redirect.js:64:34)
    at Object.proto.(anonymous function) [as redirect] (/Users/Vayron/site/ucoin/admin/server/node_modules/.1.0.0@delegates/index.js:40:31)
    at redirect (/Users/Vayron/site/ucoin/admin/server/node_modules/.1.4.0@koa-userauth/index.js:257:14)
    at Object.loginHandler (/Users/Vayron/site/ucoin/admin/server/node_modules/.1.4.0@koa-userauth/index.js:304:5)
    at next (native)
    at onFulfilled (/Users/Vayron/site/ucoin/admin/server/node_modules/.4.6.0@co/index.js:65:19)
    at /Users/Vayron/site/ucoin/admin/server/node_modules/.4.6.0@co/index.js:54:5
    at Object.co (/Users/Vayron/site/ucoin/admin/server/node_modules/.4.6.0@co/index.js:50:10)
    at Object.toPromise (/Users/Vayron/site/ucoin/admin/server/node_modules/.4.6.0@co/index.js:118:63)
message: 'a security problem has been detected for url "https://login.alibaba-inc.com/ssoLogin.htm?APP_NAME=ucoin-admin&CLIENT_VERSION=0.3.7&CONTEXT_PATH=%2F&BACK_URL=http%3A%2F%2Flocalhost%3A7001%2FsendBucSSOToken.do", redirection is prohibited.'
headers: { 'Access-Control-Allow-Origin': 'http://localhost:3000' }
pid: 16075
hostname: Vayron.local

2017-06-07 15:14:31,038 ERROR 16887 nodejs.ClusterClientNoResponseError: client no response in 1800070ms exceeding maxIdleTime 30000ms, maybe the connection is close on other side.
    at Timeout.Leader._heartbeatTimer.setInterval [as _onTimeout] (/Users/Vayron/site/ucoin/admin/server/node_modules/.1.6.4@cluster-client/lib/leader.js:72:23)
    at ontimeout (timers.js:365:14)
    at tryOnTimeout (timers.js:237:5)
    at Timer.listOnTimeout (timers.js:207:5)
name: 'ClusterClientNoResponseError'
pid: 16887
hostname: Vayron.local

2017-06-07 15:16:26,879 ERROR 16887 nodejs.ClusterClientNoResponseError: client no response in 65789ms exceeding maxIdleTime 30000ms, maybe the connection is close on other side.
    at Timeout.Leader._heartbeatTimer.setInterval [as _onTimeout] (/Users/Vayron/site/ucoin/admin/server/node_modules/.1.6.4@cluster-client/lib/leader.js:72:23)
    at ontimeout (timers.js:365:14)
    at tryOnTimeout (timers.js:237:5)
    at Timer.listOnTimeout (timers.js:207:5)
name: 'ClusterClientNoResponseError'
pid: 16887
hostname: Vayron.local

2017-06-07 16:34:11,189 ERROR 16887 nodejs.ClusterClientNoResponseError: client no response in 1803267ms exceeding maxIdleTime 30000ms, maybe the connection is close on other side.
    at Timeout.Leader._heartbeatTimer.setInterval [as _onTimeout] (/Users/Vayron/site/ucoin/admin/server/node_modules/.1.6.4@cluster-client/lib/leader.js:72:23)
    at ontimeout (timers.js:365:14)
    at tryOnTimeout (timers.js:237:5)
    at Timer.listOnTimeout (timers.js:207:5)
name: 'ClusterClientNoResponseError'
pid: 16887
hostname: Vayron.local

2017-06-07 16:35:57,868 ERROR 16887 nodejs.ClusterClientNoResponseError: client no response in 66657ms exceeding maxIdleTime 30000ms, maybe the connection is close on other side.
    at Timeout.Leader._heartbeatTimer.setInterval [as _onTimeout] (/Users/Vayron/site/ucoin/admin/server/node_modules/.1.6.4@cluster-client/lib/leader.js:72:23)
    at ontimeout (timers.js:365:14)
    at tryOnTimeout (timers.js:237:5)
    at Timer.listOnTimeout (timers.js:207:5)
name: 'ClusterClientNoResponseError'
pid: 16887
hostname: Vayron.local

2017-06-07 19:00:43,847 ERROR 16887 nodejs.ClusterClientNoResponseError: client no response in 1796638ms exceeding maxIdleTime 30000ms, maybe the connection is close on other side.
    at Timeout.Leader._heartbeatTimer.setInterval [as _onTimeout] (/Users/Vayron/site/ucoin/admin/server/node_modules/.1.6.4@cluster-client/lib/leader.js:72:23)
    at ontimeout (timers.js:365:14)
    at tryOnTimeout (timers.js:237:5)
    at Timer.listOnTimeout (timers.js:207:5)
name: 'ClusterClientNoResponseError'
pid: 16887
hostname: Vayron.local

2017-06-07 19:02:30,010 ERROR 16887 nodejs.ClusterClientNoResponseError: client no response in 66131ms exceeding maxIdleTime 30000ms, maybe the connection is close on other side.
    at Timeout.Leader._heartbeatTimer.setInterval [as _onTimeout] (/Users/Vayron/site/ucoin/admin/server/node_modules/.1.6.4@cluster-client/lib/leader.js:72:23)
    at ontimeout (timers.js:365:14)
    at tryOnTimeout (timers.js:237:5)
    at Timer.listOnTimeout (timers.js:207:5)
name: 'ClusterClientNoResponseError'
pid: 16887
hostname: Vayron.local

2017-06-08 20:11:13,297 ERROR 56024 [-/-/::1/90bd89f0-4c43-11e7-ae82-c3a99f2567a8/22ms GET /ucoinadmin/api/user] nodejs.TypeError: Cannot read property 'userid' of undefined
    at Object.assemble_args (/Users/Vayron/site/ucoin/admin/server/app/common/commFunc.js:12:24)
    at UserController.index (/Users/Vayron/site/ucoin/admin/server/app/controller/user.js:8:36)
    at next (native)
    at onFulfilled (/Users/Vayron/site/ucoin/admin/server/node_modules/.4.6.0@co/index.js:65:19)
    at /Users/Vayron/site/ucoin/admin/server/node_modules/.4.6.0@co/index.js:54:5
    at Object.co (/Users/Vayron/site/ucoin/admin/server/node_modules/.4.6.0@co/index.js:50:10)
    at Object.toPromise (/Users/Vayron/site/ucoin/admin/server/node_modules/.4.6.0@co/index.js:118:63)
    at next (/Users/Vayron/site/ucoin/admin/server/node_modules/.4.6.0@co/index.js:99:29)
    at onFulfilled (/Users/Vayron/site/ucoin/admin/server/node_modules/.4.6.0@co/index.js:69:7)
    at /Users/Vayron/site/ucoin/admin/server/node_modules/.4.6.0@co/index.js:54:5

pid: 56024
hostname: Vayron.local

2017-06-08 20:11:40,312 ERROR 56032 [-/-/::1/a0d76540-4c43-11e7-b95b-69ddbde2d0b8/32ms GET /ucoinadmin/api/user] nodejs.TypeError: Cannot read property 'userid' of undefined
    at Object.assemble_args (/Users/Vayron/site/ucoin/admin/server/app/common/commFunc.js:12:24)
    at UserController.index (/Users/Vayron/site/ucoin/admin/server/app/controller/user.js:8:36)
    at next (native)
    at onFulfilled (/Users/Vayron/site/ucoin/admin/server/node_modules/.4.6.0@co/index.js:65:19)
    at /Users/Vayron/site/ucoin/admin/server/node_modules/.4.6.0@co/index.js:54:5
    at Object.co (/Users/Vayron/site/ucoin/admin/server/node_modules/.4.6.0@co/index.js:50:10)
    at Object.toPromise (/Users/Vayron/site/ucoin/admin/server/node_modules/.4.6.0@co/index.js:118:63)
    at next (/Users/Vayron/site/ucoin/admin/server/node_modules/.4.6.0@co/index.js:99:29)
    at onFulfilled (/Users/Vayron/site/ucoin/admin/server/node_modules/.4.6.0@co/index.js:69:7)
    at /Users/Vayron/site/ucoin/admin/server/node_modules/.4.6.0@co/index.js:54:5
headers: { 'Access-Control-Allow-Origin': 'http://localhost:3000' }
pid: 56032
hostname: Vayron.local

2017-06-08 20:11:42,178 ERROR 56032 [-/-/::1/a1f4bc20-4c43-11e7-b95b-69ddbde2d0b8/2ms GET /ucoinadmin/api/user] nodejs.TypeError: Cannot read property 'userid' of undefined
    at Object.assemble_args (/Users/Vayron/site/ucoin/admin/server/app/common/commFunc.js:12:24)
    at UserController.index (/Users/Vayron/site/ucoin/admin/server/app/controller/user.js:8:36)
    at next (native)
    at onFulfilled (/Users/Vayron/site/ucoin/admin/server/node_modules/.4.6.0@co/index.js:65:19)
    at /Users/Vayron/site/ucoin/admin/server/node_modules/.4.6.0@co/index.js:54:5
    at Object.co (/Users/Vayron/site/ucoin/admin/server/node_modules/.4.6.0@co/index.js:50:10)
    at Object.toPromise (/Users/Vayron/site/ucoin/admin/server/node_modules/.4.6.0@co/index.js:118:63)
    at next (/Users/Vayron/site/ucoin/admin/server/node_modules/.4.6.0@co/index.js:99:29)
    at onFulfilled (/Users/Vayron/site/ucoin/admin/server/node_modules/.4.6.0@co/index.js:69:7)
    at /Users/Vayron/site/ucoin/admin/server/node_modules/.4.6.0@co/index.js:54:5
headers: { 'Access-Control-Allow-Origin': 'http://localhost:3000' }
pid: 56032
hostname: Vayron.local

2017-06-08 20:11:44,023 ERROR 56032 [-/-/::1/a30e1b60-4c43-11e7-b95b-69ddbde2d0b8/2ms GET /ucoinadmin/api/user] nodejs.TypeError: Cannot read property 'userid' of undefined
    at Object.assemble_args (/Users/Vayron/site/ucoin/admin/server/app/common/commFunc.js:12:24)
    at UserController.index (/Users/Vayron/site/ucoin/admin/server/app/controller/user.js:8:36)
    at next (native)
    at onFulfilled (/Users/Vayron/site/ucoin/admin/server/node_modules/.4.6.0@co/index.js:65:19)
    at /Users/Vayron/site/ucoin/admin/server/node_modules/.4.6.0@co/index.js:54:5
    at Object.co (/Users/Vayron/site/ucoin/admin/server/node_modules/.4.6.0@co/index.js:50:10)
    at Object.toPromise (/Users/Vayron/site/ucoin/admin/server/node_modules/.4.6.0@co/index.js:118:63)
    at next (/Users/Vayron/site/ucoin/admin/server/node_modules/.4.6.0@co/index.js:99:29)
    at onFulfilled (/Users/Vayron/site/ucoin/admin/server/node_modules/.4.6.0@co/index.js:69:7)
    at /Users/Vayron/site/ucoin/admin/server/node_modules/.4.6.0@co/index.js:54:5
headers: { 'Access-Control-Allow-Origin': 'http://localhost:3000' }
pid: 56032
hostname: Vayron.local

2017-06-08 20:12:16,802 ERROR 56032 [-/-/::1/b697c910-4c43-11e7-b95b-69ddbde2d0b8/29ms GET /ucoinadmin/api/user] nodejs.TypeError: Cannot read property 'userid' of undefined
    at Object.assemble_args (/Users/Vayron/site/ucoin/admin/server/app/common/commFunc.js:12:24)
    at UserController.index (/Users/Vayron/site/ucoin/admin/server/app/controller/user.js:8:36)
    at next (native)
    at onFulfilled (/Users/Vayron/site/ucoin/admin/server/node_modules/.4.6.0@co/index.js:65:19)
    at /Users/Vayron/site/ucoin/admin/server/node_modules/.4.6.0@co/index.js:54:5
    at Object.co (/Users/Vayron/site/ucoin/admin/server/node_modules/.4.6.0@co/index.js:50:10)
    at Object.toPromise (/Users/Vayron/site/ucoin/admin/server/node_modules/.4.6.0@co/index.js:118:63)
    at next (/Users/Vayron/site/ucoin/admin/server/node_modules/.4.6.0@co/index.js:99:29)
    at onFulfilled (/Users/Vayron/site/ucoin/admin/server/node_modules/.4.6.0@co/index.js:69:7)
    at /Users/Vayron/site/ucoin/admin/server/node_modules/.4.6.0@co/index.js:54:5
headers: { 'Access-Control-Allow-Origin': 'http://localhost:3000' }
pid: 56032
hostname: Vayron.local

2017-06-08 20:12:49,248 ERROR 56032 [-/-/::1/c9eea6f0-4c43-11e7-b95b-69ddbde2d0b8/4ms GET /ucoinadmin/api/user] nodejs.TypeError: Cannot read property 'userid' of undefined
    at Object.assemble_args (/Users/Vayron/site/ucoin/admin/server/app/common/commFunc.js:12:24)
    at UserController.index (/Users/Vayron/site/ucoin/admin/server/app/controller/user.js:8:36)
    at next (native)
    at onFulfilled (/Users/Vayron/site/ucoin/admin/server/node_modules/.4.6.0@co/index.js:65:19)
    at /Users/Vayron/site/ucoin/admin/server/node_modules/.4.6.0@co/index.js:54:5
    at Object.co (/Users/Vayron/site/ucoin/admin/server/node_modules/.4.6.0@co/index.js:50:10)
    at Object.toPromise (/Users/Vayron/site/ucoin/admin/server/node_modules/.4.6.0@co/index.js:118:63)
    at next (/Users/Vayron/site/ucoin/admin/server/node_modules/.4.6.0@co/index.js:99:29)
    at onFulfilled (/Users/Vayron/site/ucoin/admin/server/node_modules/.4.6.0@co/index.js:69:7)
    at /Users/Vayron/site/ucoin/admin/server/node_modules/.4.6.0@co/index.js:54:5
headers: { 'Access-Control-Allow-Origin': 'http://localhost:3000' }
pid: 56032
hostname: Vayron.local

2017-06-08 20:12:51,795 ERROR 56032 [-/-/::1/cb734b20-4c43-11e7-b95b-69ddbde2d0b8/3ms GET /ucoinadmin/api/user] nodejs.TypeError: Cannot read property 'userid' of undefined
    at Object.assemble_args (/Users/Vayron/site/ucoin/admin/server/app/common/commFunc.js:12:24)
    at UserController.index (/Users/Vayron/site/ucoin/admin/server/app/controller/user.js:8:36)
    at next (native)
    at onFulfilled (/Users/Vayron/site/ucoin/admin/server/node_modules/.4.6.0@co/index.js:65:19)
    at /Users/Vayron/site/ucoin/admin/server/node_modules/.4.6.0@co/index.js:54:5
    at Object.co (/Users/Vayron/site/ucoin/admin/server/node_modules/.4.6.0@co/index.js:50:10)
    at Object.toPromise (/Users/Vayron/site/ucoin/admin/server/node_modules/.4.6.0@co/index.js:118:63)
    at next (/Users/Vayron/site/ucoin/admin/server/node_modules/.4.6.0@co/index.js:99:29)
    at onFulfilled (/Users/Vayron/site/ucoin/admin/server/node_modules/.4.6.0@co/index.js:69:7)
    at /Users/Vayron/site/ucoin/admin/server/node_modules/.4.6.0@co/index.js:54:5
headers: { 'Access-Control-Allow-Origin': 'http://localhost:3000' }
pid: 56032
hostname: Vayron.local

2017-06-08 20:13:31,375 ERROR 56032 [-/-/::1/e30ab8e0-4c43-11e7-b95b-69ddbde2d0b8/2ms GET /ucoinadmin/api/user] nodejs.TypeError: Cannot read property 'userid' of undefined
    at Object.assemble_args (/Users/Vayron/site/ucoin/admin/server/app/common/commFunc.js:12:24)
    at UserController.index (/Users/Vayron/site/ucoin/admin/server/app/controller/user.js:8:36)
    at next (native)
    at onFulfilled (/Users/Vayron/site/ucoin/admin/server/node_modules/.4.6.0@co/index.js:65:19)
    at /Users/Vayron/site/ucoin/admin/server/node_modules/.4.6.0@co/index.js:54:5
    at Object.co (/Users/Vayron/site/ucoin/admin/server/node_modules/.4.6.0@co/index.js:50:10)
    at Object.toPromise (/Users/Vayron/site/ucoin/admin/server/node_modules/.4.6.0@co/index.js:118:63)
    at next (/Users/Vayron/site/ucoin/admin/server/node_modules/.4.6.0@co/index.js:99:29)
    at onFulfilled (/Users/Vayron/site/ucoin/admin/server/node_modules/.4.6.0@co/index.js:69:7)
    at /Users/Vayron/site/ucoin/admin/server/node_modules/.4.6.0@co/index.js:54:5
headers: { 'Access-Control-Allow-Origin': 'http://localhost:3000' }
pid: 56032
hostname: Vayron.local

2017-06-08 20:46:56,921 ERROR 56032 [-/-/::1/8e709a70-4c48-11e7-b95b-69ddbde2d0b8/11ms GET /ucoinadmin/api/user] nodejs.TypeError: Cannot read property 'userid' of undefined
    at Object.assemble_args (/Users/Vayron/site/ucoin/admin/server/app/common/commFunc.js:12:24)
    at UserController.index (/Users/Vayron/site/ucoin/admin/server/app/controller/user.js:8:36)
    at next (native)
    at onFulfilled (/Users/Vayron/site/ucoin/admin/server/node_modules/.4.6.0@co/index.js:65:19)
    at /Users/Vayron/site/ucoin/admin/server/node_modules/.4.6.0@co/index.js:54:5
    at Object.co (/Users/Vayron/site/ucoin/admin/server/node_modules/.4.6.0@co/index.js:50:10)
    at Object.toPromise (/Users/Vayron/site/ucoin/admin/server/node_modules/.4.6.0@co/index.js:118:63)
    at next (/Users/Vayron/site/ucoin/admin/server/node_modules/.4.6.0@co/index.js:99:29)
    at onFulfilled (/Users/Vayron/site/ucoin/admin/server/node_modules/.4.6.0@co/index.js:69:7)
    at /Users/Vayron/site/ucoin/admin/server/node_modules/.4.6.0@co/index.js:54:5
headers: { 'Access-Control-Allow-Origin': 'http://localhost:3000' }
pid: 56032
hostname: Vayron.local

2017-06-08 20:47:29,248 ERROR 56032 [-/-/::1/a1b576f0-4c48-11e7-b95b-69ddbde2d0b8/1ms GET /ucoinadmin/api/user] nodejs.TypeError: Cannot read property 'userid' of undefined
    at Object.assemble_args (/Users/Vayron/site/ucoin/admin/server/app/common/commFunc.js:12:24)
    at UserController.index (/Users/Vayron/site/ucoin/admin/server/app/controller/user.js:8:36)
    at next (native)
    at onFulfilled (/Users/Vayron/site/ucoin/admin/server/node_modules/.4.6.0@co/index.js:65:19)
    at /Users/Vayron/site/ucoin/admin/server/node_modules/.4.6.0@co/index.js:54:5
    at Object.co (/Users/Vayron/site/ucoin/admin/server/node_modules/.4.6.0@co/index.js:50:10)
    at Object.toPromise (/Users/Vayron/site/ucoin/admin/server/node_modules/.4.6.0@co/index.js:118:63)
    at next (/Users/Vayron/site/ucoin/admin/server/node_modules/.4.6.0@co/index.js:99:29)
    at onFulfilled (/Users/Vayron/site/ucoin/admin/server/node_modules/.4.6.0@co/index.js:69:7)
    at /Users/Vayron/site/ucoin/admin/server/node_modules/.4.6.0@co/index.js:54:5
headers: { 'Access-Control-Allow-Origin': 'http://localhost:3000' }
pid: 56032
hostname: Vayron.local

2017-06-08 20:47:56,301 ERROR 56032 [-/-/::1/b1d593d0-4c48-11e7-b95b-69ddbde2d0b8/2ms GET /ucoinadmin/api/user] nodejs.TypeError: Cannot read property 'userid' of undefined
    at Object.assemble_args (/Users/Vayron/site/ucoin/admin/server/app/common/commFunc.js:12:24)
    at UserController.index (/Users/Vayron/site/ucoin/admin/server/app/controller/user.js:8:36)
    at next (native)
    at onFulfilled (/Users/Vayron/site/ucoin/admin/server/node_modules/.4.6.0@co/index.js:65:19)
    at /Users/Vayron/site/ucoin/admin/server/node_modules/.4.6.0@co/index.js:54:5
    at Object.co (/Users/Vayron/site/ucoin/admin/server/node_modules/.4.6.0@co/index.js:50:10)
    at Object.toPromise (/Users/Vayron/site/ucoin/admin/server/node_modules/.4.6.0@co/index.js:118:63)
    at next (/Users/Vayron/site/ucoin/admin/server/node_modules/.4.6.0@co/index.js:99:29)
    at onFulfilled (/Users/Vayron/site/ucoin/admin/server/node_modules/.4.6.0@co/index.js:69:7)
    at /Users/Vayron/site/ucoin/admin/server/node_modules/.4.6.0@co/index.js:54:5
headers: { 'Access-Control-Allow-Origin': 'http://localhost:3000' }
pid: 56032
hostname: Vayron.local

2017-06-08 20:49:05,861 ERROR 56032 [-/-/::1/db4b4930-4c48-11e7-b95b-69ddbde2d0b8/5ms GET /ucoinadmin/api/user] nodejs.TypeError: Cannot read property 'userid' of undefined
    at Object.assemble_args (/Users/Vayron/site/ucoin/admin/server/app/common/commFunc.js:12:24)
    at UserController.index (/Users/Vayron/site/ucoin/admin/server/app/controller/user.js:8:36)
    at next (native)
    at onFulfilled (/Users/Vayron/site/ucoin/admin/server/node_modules/.4.6.0@co/index.js:65:19)
    at /Users/Vayron/site/ucoin/admin/server/node_modules/.4.6.0@co/index.js:54:5
    at Object.co (/Users/Vayron/site/ucoin/admin/server/node_modules/.4.6.0@co/index.js:50:10)
    at Object.toPromise (/Users/Vayron/site/ucoin/admin/server/node_modules/.4.6.0@co/index.js:118:63)
    at next (/Users/Vayron/site/ucoin/admin/server/node_modules/.4.6.0@co/index.js:99:29)
    at onFulfilled (/Users/Vayron/site/ucoin/admin/server/node_modules/.4.6.0@co/index.js:69:7)
    at /Users/Vayron/site/ucoin/admin/server/node_modules/.4.6.0@co/index.js:54:5
headers: { 'Access-Control-Allow-Origin': 'http://localhost:3000' }
pid: 56032
hostname: Vayron.local

2017-06-08 20:49:46,352 ERROR 56032 [-/-/::1/f36ddff0-4c48-11e7-b95b-69ddbde2d0b8/2ms GET /ucoinadmin/api/user] nodejs.TypeError: Cannot read property 'userid' of undefined
    at Object.assemble_args (/Users/Vayron/site/ucoin/admin/server/app/common/commFunc.js:12:24)
    at UserController.index (/Users/Vayron/site/ucoin/admin/server/app/controller/user.js:8:36)
    at next (native)
    at onFulfilled (/Users/Vayron/site/ucoin/admin/server/node_modules/.4.6.0@co/index.js:65:19)
    at /Users/Vayron/site/ucoin/admin/server/node_modules/.4.6.0@co/index.js:54:5
    at Object.co (/Users/Vayron/site/ucoin/admin/server/node_modules/.4.6.0@co/index.js:50:10)
    at Object.toPromise (/Users/Vayron/site/ucoin/admin/server/node_modules/.4.6.0@co/index.js:118:63)
    at next (/Users/Vayron/site/ucoin/admin/server/node_modules/.4.6.0@co/index.js:99:29)
    at onFulfilled (/Users/Vayron/site/ucoin/admin/server/node_modules/.4.6.0@co/index.js:69:7)
    at /Users/Vayron/site/ucoin/admin/server/node_modules/.4.6.0@co/index.js:54:5
headers: { 'Access-Control-Allow-Origin': 'http://localhost:3000' }
pid: 56032
hostname: Vayron.local

2017-06-08 20:51:50,588 ERROR 56032 [-/-/::1/3d7aa1a0-4c49-11e7-b95b-69ddbde2d0b8/2ms GET /ucoinadmin/api/user] nodejs.TypeError: Cannot read property 'userid' of undefined
    at Object.assemble_args (/Users/Vayron/site/ucoin/admin/server/app/common/commFunc.js:12:24)
    at UserController.index (/Users/Vayron/site/ucoin/admin/server/app/controller/user.js:8:36)
    at next (native)
    at onFulfilled (/Users/Vayron/site/ucoin/admin/server/node_modules/.4.6.0@co/index.js:65:19)
    at /Users/Vayron/site/ucoin/admin/server/node_modules/.4.6.0@co/index.js:54:5
    at Object.co (/Users/Vayron/site/ucoin/admin/server/node_modules/.4.6.0@co/index.js:50:10)
    at Object.toPromise (/Users/Vayron/site/ucoin/admin/server/node_modules/.4.6.0@co/index.js:118:63)
    at next (/Users/Vayron/site/ucoin/admin/server/node_modules/.4.6.0@co/index.js:99:29)
    at onFulfilled (/Users/Vayron/site/ucoin/admin/server/node_modules/.4.6.0@co/index.js:69:7)
    at /Users/Vayron/site/ucoin/admin/server/node_modules/.4.6.0@co/index.js:54:5
headers: { 'Access-Control-Allow-Origin': 'http://localhost:3000' }
pid: 56032
hostname: Vayron.local

2017-06-08 20:52:40,097 ERROR 56032 [-/-/::1/5afcf3e0-4c49-11e7-b95b-69ddbde2d0b8/13ms GET /ucoinadmin/api/user] nodejs.TypeError: Cannot read property 'userid' of undefined
    at Object.assemble_args (/Users/Vayron/site/ucoin/admin/server/app/common/commFunc.js:12:24)
    at UserController.index (/Users/Vayron/site/ucoin/admin/server/app/controller/user.js:8:36)
    at next (native)
    at onFulfilled (/Users/Vayron/site/ucoin/admin/server/node_modules/.4.6.0@co/index.js:65:19)
    at /Users/Vayron/site/ucoin/admin/server/node_modules/.4.6.0@co/index.js:54:5
    at Object.co (/Users/Vayron/site/ucoin/admin/server/node_modules/.4.6.0@co/index.js:50:10)
    at Object.toPromise (/Users/Vayron/site/ucoin/admin/server/node_modules/.4.6.0@co/index.js:118:63)
    at next (/Users/Vayron/site/ucoin/admin/server/node_modules/.4.6.0@co/index.js:99:29)
    at onFulfilled (/Users/Vayron/site/ucoin/admin/server/node_modules/.4.6.0@co/index.js:69:7)
    at /Users/Vayron/site/ucoin/admin/server/node_modules/.4.6.0@co/index.js:54:5
headers: { 'Access-Control-Allow-Origin': 'http://localhost:3000' }
pid: 56032
hostname: Vayron.local

2017-06-08 20:53:27,784 ERROR 56032 [-/-/::1/77699060-4c49-11e7-b95b-69ddbde2d0b8/4ms GET /ucoinadmin/api/user] nodejs.TypeError: Cannot read property 'userid' of undefined
    at Object.assemble_args (/Users/Vayron/site/ucoin/admin/server/app/common/commFunc.js:12:24)
    at UserController.index (/Users/Vayron/site/ucoin/admin/server/app/controller/user.js:8:36)
    at next (native)
    at onFulfilled (/Users/Vayron/site/ucoin/admin/server/node_modules/.4.6.0@co/index.js:65:19)
    at /Users/Vayron/site/ucoin/admin/server/node_modules/.4.6.0@co/index.js:54:5
    at Object.co (/Users/Vayron/site/ucoin/admin/server/node_modules/.4.6.0@co/index.js:50:10)
    at Object.toPromise (/Users/Vayron/site/ucoin/admin/server/node_modules/.4.6.0@co/index.js:118:63)
    at next (/Users/Vayron/site/ucoin/admin/server/node_modules/.4.6.0@co/index.js:99:29)
    at onFulfilled (/Users/Vayron/site/ucoin/admin/server/node_modules/.4.6.0@co/index.js:69:7)
    at /Users/Vayron/site/ucoin/admin/server/node_modules/.4.6.0@co/index.js:54:5
headers: { 'Access-Control-Allow-Origin': 'http://localhost:3000' }
pid: 56032
hostname: Vayron.local

2017-06-08 20:53:53,860 ERROR 56032 [-/-/::1/86f49930-4c49-11e7-b95b-69ddbde2d0b8/1ms GET /ucoinadmin/api/user] nodejs.TypeError: Cannot read property 'userid' of undefined
    at Object.assemble_args (/Users/Vayron/site/ucoin/admin/server/app/common/commFunc.js:12:24)
    at UserController.index (/Users/Vayron/site/ucoin/admin/server/app/controller/user.js:8:36)
    at next (native)
    at onFulfilled (/Users/Vayron/site/ucoin/admin/server/node_modules/.4.6.0@co/index.js:65:19)
    at /Users/Vayron/site/ucoin/admin/server/node_modules/.4.6.0@co/index.js:54:5
    at Object.co (/Users/Vayron/site/ucoin/admin/server/node_modules/.4.6.0@co/index.js:50:10)
    at Object.toPromise (/Users/Vayron/site/ucoin/admin/server/node_modules/.4.6.0@co/index.js:118:63)
    at next (/Users/Vayron/site/ucoin/admin/server/node_modules/.4.6.0@co/index.js:99:29)
    at onFulfilled (/Users/Vayron/site/ucoin/admin/server/node_modules/.4.6.0@co/index.js:69:7)
    at /Users/Vayron/site/ucoin/admin/server/node_modules/.4.6.0@co/index.js:54:5
headers: { 'Access-Control-Allow-Origin': 'http://localhost:3000' }
pid: 56032
hostname: Vayron.local

2017-06-08 21:06:22,827 ERROR 56032 [-/-/::1/455fe4a0-4c4b-11e7-b95b-69ddbde2d0b8/3ms GET /ucoinadmin/api/user] nodejs.TypeError: Cannot read property 'userid' of undefined
    at Object.assemble_args (/Users/Vayron/site/ucoin/admin/server/app/common/commFunc.js:12:24)
    at UserController.index (/Users/Vayron/site/ucoin/admin/server/app/controller/user.js:8:36)
    at next (native)
    at onFulfilled (/Users/Vayron/site/ucoin/admin/server/node_modules/.4.6.0@co/index.js:65:19)
    at /Users/Vayron/site/ucoin/admin/server/node_modules/.4.6.0@co/index.js:54:5
    at Object.co (/Users/Vayron/site/ucoin/admin/server/node_modules/.4.6.0@co/index.js:50:10)
    at Object.toPromise (/Users/Vayron/site/ucoin/admin/server/node_modules/.4.6.0@co/index.js:118:63)
    at next (/Users/Vayron/site/ucoin/admin/server/node_modules/.4.6.0@co/index.js:99:29)
    at onFulfilled (/Users/Vayron/site/ucoin/admin/server/node_modules/.4.6.0@co/index.js:69:7)
    at /Users/Vayron/site/ucoin/admin/server/node_modules/.4.6.0@co/index.js:54:5
headers: { 'Access-Control-Allow-Origin': 'http://localhost:3000' }
pid: 56032
hostname: Vayron.local

2017-06-08 21:06:45,268 ERROR 56032 [-/-/::1/52bfd010-4c4b-11e7-b95b-69ddbde2d0b8/3ms GET /ucoinadmin/api/user] nodejs.TypeError: Cannot read property 'userid' of undefined
    at Object.assemble_args (/Users/Vayron/site/ucoin/admin/server/app/common/commFunc.js:12:24)
    at UserController.index (/Users/Vayron/site/ucoin/admin/server/app/controller/user.js:8:36)
    at next (native)
    at onFulfilled (/Users/Vayron/site/ucoin/admin/server/node_modules/.4.6.0@co/index.js:65:19)
    at /Users/Vayron/site/ucoin/admin/server/node_modules/.4.6.0@co/index.js:54:5
    at Object.co (/Users/Vayron/site/ucoin/admin/server/node_modules/.4.6.0@co/index.js:50:10)
    at Object.toPromise (/Users/Vayron/site/ucoin/admin/server/node_modules/.4.6.0@co/index.js:118:63)
    at next (/Users/Vayron/site/ucoin/admin/server/node_modules/.4.6.0@co/index.js:99:29)
    at onFulfilled (/Users/Vayron/site/ucoin/admin/server/node_modules/.4.6.0@co/index.js:69:7)
    at /Users/Vayron/site/ucoin/admin/server/node_modules/.4.6.0@co/index.js:54:5
headers: { 'Access-Control-Allow-Origin': 'http://localhost:3000' }
pid: 56032
hostname: Vayron.local

2017-06-08 21:07:32,979 ERROR 56032 [-/-/::1/6f303d20-4c4b-11e7-b95b-69ddbde2d0b8/1ms GET /ucoinadmin/api/user] nodejs.TypeError: Cannot read property 'userid' of undefined
    at Object.assemble_args (/Users/Vayron/site/ucoin/admin/server/app/common/commFunc.js:12:24)
    at UserController.index (/Users/Vayron/site/ucoin/admin/server/app/controller/user.js:8:36)
    at next (native)
    at onFulfilled (/Users/Vayron/site/ucoin/admin/server/node_modules/.4.6.0@co/index.js:65:19)
    at /Users/Vayron/site/ucoin/admin/server/node_modules/.4.6.0@co/index.js:54:5
    at Object.co (/Users/Vayron/site/ucoin/admin/server/node_modules/.4.6.0@co/index.js:50:10)
    at Object.toPromise (/Users/Vayron/site/ucoin/admin/server/node_modules/.4.6.0@co/index.js:118:63)
    at next (/Users/Vayron/site/ucoin/admin/server/node_modules/.4.6.0@co/index.js:99:29)
    at onFulfilled (/Users/Vayron/site/ucoin/admin/server/node_modules/.4.6.0@co/index.js:69:7)
    at /Users/Vayron/site/ucoin/admin/server/node_modules/.4.6.0@co/index.js:54:5
headers: { 'Access-Control-Allow-Origin': 'http://localhost:3000' }
pid: 56032
hostname: Vayron.local

2017-06-08 21:17:53,287 ERROR 56032 [-/-/::1/e0ebe170-4c4c-11e7-b95b-69ddbde2d0b8/2ms GET /ucoinadmin/api/user] nodejs.TypeError: Cannot read property 'userid' of undefined
    at Object.assemble_args (/Users/Vayron/site/ucoin/admin/server/app/common/commFunc.js:12:24)
    at UserController.index (/Users/Vayron/site/ucoin/admin/server/app/controller/user.js:8:36)
    at next (native)
    at onFulfilled (/Users/Vayron/site/ucoin/admin/server/node_modules/.4.6.0@co/index.js:65:19)
    at /Users/Vayron/site/ucoin/admin/server/node_modules/.4.6.0@co/index.js:54:5
    at Object.co (/Users/Vayron/site/ucoin/admin/server/node_modules/.4.6.0@co/index.js:50:10)
    at Object.toPromise (/Users/Vayron/site/ucoin/admin/server/node_modules/.4.6.0@co/index.js:118:63)
    at next (/Users/Vayron/site/ucoin/admin/server/node_modules/.4.6.0@co/index.js:99:29)
    at onFulfilled (/Users/Vayron/site/ucoin/admin/server/node_modules/.4.6.0@co/index.js:69:7)
    at /Users/Vayron/site/ucoin/admin/server/node_modules/.4.6.0@co/index.js:54:5
headers: { 'Access-Control-Allow-Origin': 'http://localhost:3000' }
pid: 56032
hostname: Vayron.local

2017-06-09 18:13:44,669 ERROR 5331 [-/-/202.66.144.69/51d802b0-4cfc-11e7-9be5-db01dc287ded/23ms GET /ucoinadmin/api/user] nodejs.TypeError: Cannot read property 'userid' of undefined
    at Object.assemble_args (/Users/Vayron/site/ucoin/admin/server/app/common/commFunc.js:12:24)
    at UserController.index (/Users/Vayron/site/ucoin/admin/server/app/controller/user.js:8:36)
    at next (native)
    at onFulfilled (/Users/Vayron/site/ucoin/admin/server/node_modules/.4.6.0@co/index.js:65:19)
    at /Users/Vayron/site/ucoin/admin/server/node_modules/.4.6.0@co/index.js:54:5
    at Object.co (/Users/Vayron/site/ucoin/admin/server/node_modules/.4.6.0@co/index.js:50:10)
    at Object.toPromise (/Users/Vayron/site/ucoin/admin/server/node_modules/.4.6.0@co/index.js:118:63)
    at next (/Users/Vayron/site/ucoin/admin/server/node_modules/.4.6.0@co/index.js:99:29)
    at onFulfilled (/Users/Vayron/site/ucoin/admin/server/node_modules/.4.6.0@co/index.js:69:7)
    at /Users/Vayron/site/ucoin/admin/server/node_modules/.4.6.0@co/index.js:54:5

pid: 5331
hostname: Vayron.local

2017-06-09 18:13:57,276 ERROR 5331 [-/-/202.66.144.69/595bd6b0-4cfc-11e7-9be5-db01dc287ded/2ms GET /ucoinadmin/api/user] nodejs.TypeError: Cannot read property 'userid' of undefined
    at Object.assemble_args (/Users/Vayron/site/ucoin/admin/server/app/common/commFunc.js:12:24)
    at UserController.index (/Users/Vayron/site/ucoin/admin/server/app/controller/user.js:8:36)
    at next (native)
    at onFulfilled (/Users/Vayron/site/ucoin/admin/server/node_modules/.4.6.0@co/index.js:65:19)
    at /Users/Vayron/site/ucoin/admin/server/node_modules/.4.6.0@co/index.js:54:5
    at Object.co (/Users/Vayron/site/ucoin/admin/server/node_modules/.4.6.0@co/index.js:50:10)
    at Object.toPromise (/Users/Vayron/site/ucoin/admin/server/node_modules/.4.6.0@co/index.js:118:63)
    at next (/Users/Vayron/site/ucoin/admin/server/node_modules/.4.6.0@co/index.js:99:29)
    at onFulfilled (/Users/Vayron/site/ucoin/admin/server/node_modules/.4.6.0@co/index.js:69:7)
    at /Users/Vayron/site/ucoin/admin/server/node_modules/.4.6.0@co/index.js:54:5

pid: 5331
hostname: Vayron.local

2017-06-09 18:19:29,794 ERROR 5331 [-/-/202.66.144.69/1f8e0f10-4cfd-11e7-9be5-db01dc287ded/4ms GET /ucoinadmin/api/user] nodejs.TypeError: Cannot read property 'userid' of undefined
    at Object.assemble_args (/Users/Vayron/site/ucoin/admin/server/app/common/commFunc.js:12:24)
    at UserController.index (/Users/Vayron/site/ucoin/admin/server/app/controller/user.js:8:36)
    at next (native)
    at onFulfilled (/Users/Vayron/site/ucoin/admin/server/node_modules/.4.6.0@co/index.js:65:19)
    at /Users/Vayron/site/ucoin/admin/server/node_modules/.4.6.0@co/index.js:54:5
    at Object.co (/Users/Vayron/site/ucoin/admin/server/node_modules/.4.6.0@co/index.js:50:10)
    at Object.toPromise (/Users/Vayron/site/ucoin/admin/server/node_modules/.4.6.0@co/index.js:118:63)
    at next (/Users/Vayron/site/ucoin/admin/server/node_modules/.4.6.0@co/index.js:99:29)
    at onFulfilled (/Users/Vayron/site/ucoin/admin/server/node_modules/.4.6.0@co/index.js:69:7)
    at /Users/Vayron/site/ucoin/admin/server/node_modules/.4.6.0@co/index.js:54:5

pid: 5331
hostname: Vayron.local

2017-06-09 18:20:59,445 ERROR 5331 [-/-/202.66.144.69/54fdde50-4cfd-11e7-9be5-db01dc287ded/3ms GET /ucoinadmin/api/user] nodejs.TypeError: Cannot read property 'userid' of undefined
    at Object.assemble_args (/Users/Vayron/site/ucoin/admin/server/app/common/commFunc.js:12:24)
    at UserController.index (/Users/Vayron/site/ucoin/admin/server/app/controller/user.js:8:36)
    at next (native)
    at onFulfilled (/Users/Vayron/site/ucoin/admin/server/node_modules/.4.6.0@co/index.js:65:19)
    at /Users/Vayron/site/ucoin/admin/server/node_modules/.4.6.0@co/index.js:54:5
    at Object.co (/Users/Vayron/site/ucoin/admin/server/node_modules/.4.6.0@co/index.js:50:10)
    at Object.toPromise (/Users/Vayron/site/ucoin/admin/server/node_modules/.4.6.0@co/index.js:118:63)
    at next (/Users/Vayron/site/ucoin/admin/server/node_modules/.4.6.0@co/index.js:99:29)
    at onFulfilled (/Users/Vayron/site/ucoin/admin/server/node_modules/.4.6.0@co/index.js:69:7)
    at /Users/Vayron/site/ucoin/admin/server/node_modules/.4.6.0@co/index.js:54:5

pid: 5331
hostname: Vayron.local

2017-06-09 18:23:20,660 ERROR 5331 [-/-/202.66.144.69/a9296a30-4cfd-11e7-9be5-db01dc287ded/4ms GET /ucoinadmin/api/user] nodejs.TypeError: Cannot read property 'userid' of undefined
    at Object.assemble_args (/Users/Vayron/site/ucoin/admin/server/app/common/commFunc.js:12:24)
    at UserController.index (/Users/Vayron/site/ucoin/admin/server/app/controller/user.js:8:36)
    at next (native)
    at onFulfilled (/Users/Vayron/site/ucoin/admin/server/node_modules/.4.6.0@co/index.js:65:19)
    at /Users/Vayron/site/ucoin/admin/server/node_modules/.4.6.0@co/index.js:54:5
    at Object.co (/Users/Vayron/site/ucoin/admin/server/node_modules/.4.6.0@co/index.js:50:10)
    at Object.toPromise (/Users/Vayron/site/ucoin/admin/server/node_modules/.4.6.0@co/index.js:118:63)
    at next (/Users/Vayron/site/ucoin/admin/server/node_modules/.4.6.0@co/index.js:99:29)
    at onFulfilled (/Users/Vayron/site/ucoin/admin/server/node_modules/.4.6.0@co/index.js:69:7)
    at /Users/Vayron/site/ucoin/admin/server/node_modules/.4.6.0@co/index.js:54:5

pid: 5331
hostname: Vayron.local

2017-06-09 18:23:42,604 ERROR 5331 [-/-/202.66.144.69/b63da6a0-4cfd-11e7-9be5-db01dc287ded/2ms GET /ucoinadmin/api/user] nodejs.TypeError: Cannot read property 'userid' of undefined
    at Object.assemble_args (/Users/Vayron/site/ucoin/admin/server/app/common/commFunc.js:12:24)
    at UserController.index (/Users/Vayron/site/ucoin/admin/server/app/controller/user.js:8:36)
    at next (native)
    at onFulfilled (/Users/Vayron/site/ucoin/admin/server/node_modules/.4.6.0@co/index.js:65:19)
    at /Users/Vayron/site/ucoin/admin/server/node_modules/.4.6.0@co/index.js:54:5
    at Object.co (/Users/Vayron/site/ucoin/admin/server/node_modules/.4.6.0@co/index.js:50:10)
    at Object.toPromise (/Users/Vayron/site/ucoin/admin/server/node_modules/.4.6.0@co/index.js:118:63)
    at next (/Users/Vayron/site/ucoin/admin/server/node_modules/.4.6.0@co/index.js:99:29)
    at onFulfilled (/Users/Vayron/site/ucoin/admin/server/node_modules/.4.6.0@co/index.js:69:7)
    at /Users/Vayron/site/ucoin/admin/server/node_modules/.4.6.0@co/index.js:54:5

pid: 5331
hostname: Vayron.local

2017-06-09 18:24:43,361 ERROR 5331 [-/-/202.66.144.69/da749600-4cfd-11e7-9be5-db01dc287ded/1ms GET /ucoinadmin/api/user] nodejs.TypeError: Cannot read property 'userid' of undefined
    at Object.assemble_args (/Users/Vayron/site/ucoin/admin/server/app/common/commFunc.js:12:24)
    at UserController.index (/Users/Vayron/site/ucoin/admin/server/app/controller/user.js:8:36)
    at next (native)
    at onFulfilled (/Users/Vayron/site/ucoin/admin/server/node_modules/.4.6.0@co/index.js:65:19)
    at /Users/Vayron/site/ucoin/admin/server/node_modules/.4.6.0@co/index.js:54:5
    at Object.co (/Users/Vayron/site/ucoin/admin/server/node_modules/.4.6.0@co/index.js:50:10)
    at Object.toPromise (/Users/Vayron/site/ucoin/admin/server/node_modules/.4.6.0@co/index.js:118:63)
    at next (/Users/Vayron/site/ucoin/admin/server/node_modules/.4.6.0@co/index.js:99:29)
    at onFulfilled (/Users/Vayron/site/ucoin/admin/server/node_modules/.4.6.0@co/index.js:69:7)
    at /Users/Vayron/site/ucoin/admin/server/node_modules/.4.6.0@co/index.js:54:5

pid: 5331
hostname: Vayron.local

2017-06-09 18:25:01,325 ERROR 5331 [-/-/202.66.144.69/e529acc0-4cfd-11e7-9be5-db01dc287ded/5ms GET /ucoinadmin/api/user] nodejs.TypeError: Cannot read property 'userid' of undefined
    at Object.assemble_args (/Users/Vayron/site/ucoin/admin/server/app/common/commFunc.js:12:24)
    at UserController.index (/Users/Vayron/site/ucoin/admin/server/app/controller/user.js:8:36)
    at next (native)
    at onFulfilled (/Users/Vayron/site/ucoin/admin/server/node_modules/.4.6.0@co/index.js:65:19)
    at /Users/Vayron/site/ucoin/admin/server/node_modules/.4.6.0@co/index.js:54:5
    at Object.co (/Users/Vayron/site/ucoin/admin/server/node_modules/.4.6.0@co/index.js:50:10)
    at Object.toPromise (/Users/Vayron/site/ucoin/admin/server/node_modules/.4.6.0@co/index.js:118:63)
    at next (/Users/Vayron/site/ucoin/admin/server/node_modules/.4.6.0@co/index.js:99:29)
    at onFulfilled (/Users/Vayron/site/ucoin/admin/server/node_modules/.4.6.0@co/index.js:69:7)
    at /Users/Vayron/site/ucoin/admin/server/node_modules/.4.6.0@co/index.js:54:5

pid: 5331
hostname: Vayron.local

2017-06-09 18:26:00,273 ERROR 5331 [-/-/202.66.144.69/084c6d00-4cfe-11e7-9be5-db01dc287ded/1ms GET /ucoinadmin/api/user] nodejs.TypeError: Cannot read property 'userid' of undefined
    at Object.assemble_args (/Users/Vayron/site/ucoin/admin/server/app/common/commFunc.js:12:24)
    at UserController.index (/Users/Vayron/site/ucoin/admin/server/app/controller/user.js:8:36)
    at next (native)
    at onFulfilled (/Users/Vayron/site/ucoin/admin/server/node_modules/.4.6.0@co/index.js:65:19)
    at /Users/Vayron/site/ucoin/admin/server/node_modules/.4.6.0@co/index.js:54:5
    at Object.co (/Users/Vayron/site/ucoin/admin/server/node_modules/.4.6.0@co/index.js:50:10)
    at Object.toPromise (/Users/Vayron/site/ucoin/admin/server/node_modules/.4.6.0@co/index.js:118:63)
    at next (/Users/Vayron/site/ucoin/admin/server/node_modules/.4.6.0@co/index.js:99:29)
    at onFulfilled (/Users/Vayron/site/ucoin/admin/server/node_modules/.4.6.0@co/index.js:69:7)
    at /Users/Vayron/site/ucoin/admin/server/node_modules/.4.6.0@co/index.js:54:5

pid: 5331
hostname: Vayron.local

2017-06-09 23:30:35,860 ERROR 5305 nodejs.ClusterClientNoResponseError: client no response in 4204480ms exceeding maxIdleTime 30000ms, maybe the connection is close on other side.
    at Timeout.Leader._heartbeatTimer.setInterval [as _onTimeout] (/Users/Vayron/site/ucoin/admin/server/node_modules/.1.6.4@cluster-client/lib/leader.js:72:23)
    at ontimeout (timers.js:365:14)
    at tryOnTimeout (timers.js:237:5)
    at Timer.listOnTimeout (timers.js:207:5)
name: 'ClusterClientNoResponseError'
pid: 5305
hostname: Vayron.local

2017-06-10 01:44:03,903 ERROR 5305 nodejs.ClusterClientNoResponseError: client no response in 7987318ms exceeding maxIdleTime 30000ms, maybe the connection is close on other side.
    at Timeout.Leader._heartbeatTimer.setInterval [as _onTimeout] (/Users/Vayron/site/ucoin/admin/server/node_modules/.1.6.4@cluster-client/lib/leader.js:72:23)
    at ontimeout (timers.js:365:14)
    at tryOnTimeout (timers.js:237:5)
    at Timer.listOnTimeout (timers.js:207:5)
name: 'ClusterClientNoResponseError'
pid: 5305
hostname: Vayron.local

2017-06-12 10:34:35,870 ERROR 33035 [-/-/::1/acb821c0-4f17-11e7-af88-39e47bd4cc71/4ms GET /ucoinadmin/api/user] nodejs.TypeError: Cannot read property 'userid' of undefined
    at Object.assemble_args (/Users/Vayron/site/ucoin/admin/server/app/common/commFunc.js:12:24)
    at UserController.index (/Users/Vayron/site/ucoin/admin/server/app/controller/user.js:8:36)
    at next (native)
    at onFulfilled (/Users/Vayron/site/ucoin/admin/server/node_modules/.4.6.0@co/index.js:65:19)
    at /Users/Vayron/site/ucoin/admin/server/node_modules/.4.6.0@co/index.js:54:5
    at Object.co (/Users/Vayron/site/ucoin/admin/server/node_modules/.4.6.0@co/index.js:50:10)
    at Object.toPromise (/Users/Vayron/site/ucoin/admin/server/node_modules/.4.6.0@co/index.js:118:63)
    at next (/Users/Vayron/site/ucoin/admin/server/node_modules/.4.6.0@co/index.js:99:29)
    at onFulfilled (/Users/Vayron/site/ucoin/admin/server/node_modules/.4.6.0@co/index.js:69:7)
    at /Users/Vayron/site/ucoin/admin/server/node_modules/.4.6.0@co/index.js:54:5
headers: { 'Access-Control-Allow-Origin': 'http://localhost:3000' }
pid: 33035
hostname: Vayron.local

2017-06-12 11:18:27,523 ERROR 33035 [-/-/::1/cd4eaa20-4f1d-11e7-af88-39e47bd4cc71/2ms GET /ucoinadmin/api/user] nodejs.TypeError: Cannot read property 'userid' of undefined
    at Object.assemble_args (/Users/Vayron/site/ucoin/admin/server/app/common/commFunc.js:12:24)
    at UserController.index (/Users/Vayron/site/ucoin/admin/server/app/controller/user.js:8:36)
    at next (native)
    at onFulfilled (/Users/Vayron/site/ucoin/admin/server/node_modules/.4.6.0@co/index.js:65:19)
    at /Users/Vayron/site/ucoin/admin/server/node_modules/.4.6.0@co/index.js:54:5
    at Object.co (/Users/Vayron/site/ucoin/admin/server/node_modules/.4.6.0@co/index.js:50:10)
    at Object.toPromise (/Users/Vayron/site/ucoin/admin/server/node_modules/.4.6.0@co/index.js:118:63)
    at next (/Users/Vayron/site/ucoin/admin/server/node_modules/.4.6.0@co/index.js:99:29)
    at onFulfilled (/Users/Vayron/site/ucoin/admin/server/node_modules/.4.6.0@co/index.js:69:7)
    at /Users/Vayron/site/ucoin/admin/server/node_modules/.4.6.0@co/index.js:54:5
headers: { 'Access-Control-Allow-Origin': 'http://localhost:3000' }
pid: 33035
hostname: Vayron.local

2017-06-12 11:18:31,929 ERROR 33035 [-/-/::1/cfeef780-4f1d-11e7-af88-39e47bd4cc71/5ms GET /ucoinadmin/api/user] nodejs.TypeError: Cannot read property 'userid' of undefined
    at Object.assemble_args (/Users/Vayron/site/ucoin/admin/server/app/common/commFunc.js:12:24)
    at UserController.index (/Users/Vayron/site/ucoin/admin/server/app/controller/user.js:8:36)
    at next (native)
    at onFulfilled (/Users/Vayron/site/ucoin/admin/server/node_modules/.4.6.0@co/index.js:65:19)
    at /Users/Vayron/site/ucoin/admin/server/node_modules/.4.6.0@co/index.js:54:5
    at Object.co (/Users/Vayron/site/ucoin/admin/server/node_modules/.4.6.0@co/index.js:50:10)
    at Object.toPromise (/Users/Vayron/site/ucoin/admin/server/node_modules/.4.6.0@co/index.js:118:63)
    at next (/Users/Vayron/site/ucoin/admin/server/node_modules/.4.6.0@co/index.js:99:29)
    at onFulfilled (/Users/Vayron/site/ucoin/admin/server/node_modules/.4.6.0@co/index.js:69:7)
    at /Users/Vayron/site/ucoin/admin/server/node_modules/.4.6.0@co/index.js:54:5
headers: { 'Access-Control-Allow-Origin': 'http://localhost:3000' }
pid: 33035
hostname: Vayron.local

2017-06-12 11:18:33,248 ERROR 33035 [-/-/::1/d0b86200-4f1d-11e7-af88-39e47bd4cc71/2ms GET /ucoinadmin/api/user] nodejs.TypeError: Cannot read property 'userid' of undefined
    at Object.assemble_args (/Users/Vayron/site/ucoin/admin/server/app/common/commFunc.js:12:24)
    at UserController.index (/Users/Vayron/site/ucoin/admin/server/app/controller/user.js:8:36)
    at next (native)
    at onFulfilled (/Users/Vayron/site/ucoin/admin/server/node_modules/.4.6.0@co/index.js:65:19)
    at /Users/Vayron/site/ucoin/admin/server/node_modules/.4.6.0@co/index.js:54:5
    at Object.co (/Users/Vayron/site/ucoin/admin/server/node_modules/.4.6.0@co/index.js:50:10)
    at Object.toPromise (/Users/Vayron/site/ucoin/admin/server/node_modules/.4.6.0@co/index.js:118:63)
    at next (/Users/Vayron/site/ucoin/admin/server/node_modules/.4.6.0@co/index.js:99:29)
    at onFulfilled (/Users/Vayron/site/ucoin/admin/server/node_modules/.4.6.0@co/index.js:69:7)
    at /Users/Vayron/site/ucoin/admin/server/node_modules/.4.6.0@co/index.js:54:5
headers: { 'Access-Control-Allow-Origin': 'http://localhost:3000' }
pid: 33035
hostname: Vayron.local

2017-06-12 11:19:48,633 ERROR 33035 [-/-/::1/fda73890-4f1d-11e7-af88-39e47bd4cc71/2ms GET /ucoinadmin/api/user] nodejs.TypeError: Cannot read property 'userid' of undefined
    at Object.assemble_args (/Users/Vayron/site/ucoin/admin/server/app/common/commFunc.js:12:24)
    at UserController.index (/Users/Vayron/site/ucoin/admin/server/app/controller/user.js:8:36)
    at next (native)
    at onFulfilled (/Users/Vayron/site/ucoin/admin/server/node_modules/.4.6.0@co/index.js:65:19)
    at /Users/Vayron/site/ucoin/admin/server/node_modules/.4.6.0@co/index.js:54:5
    at Object.co (/Users/Vayron/site/ucoin/admin/server/node_modules/.4.6.0@co/index.js:50:10)
    at Object.toPromise (/Users/Vayron/site/ucoin/admin/server/node_modules/.4.6.0@co/index.js:118:63)
    at next (/Users/Vayron/site/ucoin/admin/server/node_modules/.4.6.0@co/index.js:99:29)
    at onFulfilled (/Users/Vayron/site/ucoin/admin/server/node_modules/.4.6.0@co/index.js:69:7)
    at /Users/Vayron/site/ucoin/admin/server/node_modules/.4.6.0@co/index.js:54:5
headers: { 'Access-Control-Allow-Origin': 'http://localhost:3000' }
pid: 33035
hostname: Vayron.local

2017-06-12 11:19:51,755 ERROR 33035 [-/-/::1/ff834b90-4f1d-11e7-af88-39e47bd4cc71/1ms GET /ucoinadmin/api/user] nodejs.TypeError: Cannot read property 'userid' of undefined
    at Object.assemble_args (/Users/Vayron/site/ucoin/admin/server/app/common/commFunc.js:12:24)
    at UserController.index (/Users/Vayron/site/ucoin/admin/server/app/controller/user.js:8:36)
    at next (native)
    at onFulfilled (/Users/Vayron/site/ucoin/admin/server/node_modules/.4.6.0@co/index.js:65:19)
    at /Users/Vayron/site/ucoin/admin/server/node_modules/.4.6.0@co/index.js:54:5
    at Object.co (/Users/Vayron/site/ucoin/admin/server/node_modules/.4.6.0@co/index.js:50:10)
    at Object.toPromise (/Users/Vayron/site/ucoin/admin/server/node_modules/.4.6.0@co/index.js:118:63)
    at next (/Users/Vayron/site/ucoin/admin/server/node_modules/.4.6.0@co/index.js:99:29)
    at onFulfilled (/Users/Vayron/site/ucoin/admin/server/node_modules/.4.6.0@co/index.js:69:7)
    at /Users/Vayron/site/ucoin/admin/server/node_modules/.4.6.0@co/index.js:54:5
headers: { 'Access-Control-Allow-Origin': 'http://localhost:3000' }
pid: 33035
hostname: Vayron.local

2017-06-12 11:22:30,730 ERROR 33035 [-/-/::1/5e451b90-4f1e-11e7-af88-39e47bd4cc71/1ms GET /ucoinadmin/api/user] nodejs.TypeError: Cannot read property 'userid' of undefined
    at Object.assemble_args (/Users/Vayron/site/ucoin/admin/server/app/common/commFunc.js:12:24)
    at UserController.index (/Users/Vayron/site/ucoin/admin/server/app/controller/user.js:8:36)
    at next (native)
    at onFulfilled (/Users/Vayron/site/ucoin/admin/server/node_modules/.4.6.0@co/index.js:65:19)
    at /Users/Vayron/site/ucoin/admin/server/node_modules/.4.6.0@co/index.js:54:5
    at Object.co (/Users/Vayron/site/ucoin/admin/server/node_modules/.4.6.0@co/index.js:50:10)
    at Object.toPromise (/Users/Vayron/site/ucoin/admin/server/node_modules/.4.6.0@co/index.js:118:63)
    at next (/Users/Vayron/site/ucoin/admin/server/node_modules/.4.6.0@co/index.js:99:29)
    at onFulfilled (/Users/Vayron/site/ucoin/admin/server/node_modules/.4.6.0@co/index.js:69:7)
    at /Users/Vayron/site/ucoin/admin/server/node_modules/.4.6.0@co/index.js:54:5
headers: { 'Access-Control-Allow-Origin': 'http://localhost:3000' }
pid: 33035
hostname: Vayron.local

2017-06-12 11:22:43,984 ERROR 33035 [-/-/::1/662ba900-4f1e-11e7-af88-39e47bd4cc71/2ms GET /ucoinadmin/api/user] nodejs.TypeError: Cannot read property 'userid' of undefined
    at Object.assemble_args (/Users/Vayron/site/ucoin/admin/server/app/common/commFunc.js:12:24)
    at UserController.index (/Users/Vayron/site/ucoin/admin/server/app/controller/user.js:8:36)
    at next (native)
    at onFulfilled (/Users/Vayron/site/ucoin/admin/server/node_modules/.4.6.0@co/index.js:65:19)
    at /Users/Vayron/site/ucoin/admin/server/node_modules/.4.6.0@co/index.js:54:5
    at Object.co (/Users/Vayron/site/ucoin/admin/server/node_modules/.4.6.0@co/index.js:50:10)
    at Object.toPromise (/Users/Vayron/site/ucoin/admin/server/node_modules/.4.6.0@co/index.js:118:63)
    at next (/Users/Vayron/site/ucoin/admin/server/node_modules/.4.6.0@co/index.js:99:29)
    at onFulfilled (/Users/Vayron/site/ucoin/admin/server/node_modules/.4.6.0@co/index.js:69:7)
    at /Users/Vayron/site/ucoin/admin/server/node_modules/.4.6.0@co/index.js:54:5
headers: { 'Access-Control-Allow-Origin': 'http://localhost:3000' }
pid: 33035
hostname: Vayron.local

2017-06-12 11:22:48,138 ERROR 33035 [-/-/::1/68a55b90-4f1e-11e7-af88-39e47bd4cc71/2ms GET /ucoinadmin/api/user] nodejs.TypeError: Cannot read property 'userid' of undefined
    at Object.assemble_args (/Users/Vayron/site/ucoin/admin/server/app/common/commFunc.js:12:24)
    at UserController.index (/Users/Vayron/site/ucoin/admin/server/app/controller/user.js:8:36)
    at next (native)
    at onFulfilled (/Users/Vayron/site/ucoin/admin/server/node_modules/.4.6.0@co/index.js:65:19)
    at /Users/Vayron/site/ucoin/admin/server/node_modules/.4.6.0@co/index.js:54:5
    at Object.co (/Users/Vayron/site/ucoin/admin/server/node_modules/.4.6.0@co/index.js:50:10)
    at Object.toPromise (/Users/Vayron/site/ucoin/admin/server/node_modules/.4.6.0@co/index.js:118:63)
    at next (/Users/Vayron/site/ucoin/admin/server/node_modules/.4.6.0@co/index.js:99:29)
    at onFulfilled (/Users/Vayron/site/ucoin/admin/server/node_modules/.4.6.0@co/index.js:69:7)
    at /Users/Vayron/site/ucoin/admin/server/node_modules/.4.6.0@co/index.js:54:5
headers: { 'Access-Control-Allow-Origin': 'http://localhost:3000' }
pid: 33035
hostname: Vayron.local

2017-06-12 13:18:23,516 ERROR 32975 nodejs.ClusterClientNoResponseError: client no response in 459353ms exceeding maxIdleTime 30000ms, maybe the connection is close on other side.
    at Timeout.Leader._heartbeatTimer.setInterval [as _onTimeout] (/Users/Vayron/site/ucoin/admin/server/node_modules/.1.6.4@cluster-client/lib/leader.js:72:23)
    at ontimeout (timers.js:365:14)
    at tryOnTimeout (timers.js:237:5)
    at Timer.listOnTimeout (timers.js:207:5)
name: 'ClusterClientNoResponseError'
pid: 32975
hostname: Vayron.local

