2017-06-06 10:50:54,293 INFO 22117 [egg-logrotator] app logger reload: got log-reload message
2017-06-06 10:50:54,306 INFO 22117 [egg-schedule]: get message egg-schedule:/Users/Vayron/site/ucoin/admin/server/node_modules/egg-logrotator/app/schedule/clean_log.js
2017-06-06 10:50:54,313 INFO 22117 [egg-logrotator] clean all log before 31 days
2017-06-06 10:50:54,314 INFO 22117 [egg-schedule] egg-schedule:/Users/Vayron/site/ucoin/admin/server/node_modules/egg-logrotator/app/schedule/clean_log.js excute succeed, used 7ms
2017-06-06 13:41:58,191 INFO 1490 [egg:logger] init all loggers with options: {"dir":"/Users/Vayron/site/ucoin/admin/server/private/log","encoding":"utf8","env":"local","level":"INFO","consoleLevel":"INFO","outputJSON":false,"buffer":true,"appLogName":"ucoinadmin-web.log","coreLogName":"egg-web.log","agentLogName":"egg-agent.log","errorLogName":"common-error.log","coreLogger":{"consoleLevel":"WARN"},"type":"application"}
2017-06-06 13:41:58,191 INFO 1490 [nut] reading uae config: /Users/Vayron/site/ucoin/admin/server/conf/config.json
2017-06-06 13:41:58,664 INFO 1490 [egg-schedule]: register schedule egg-schedule:/Users/Vayron/site/ucoin/admin/server/node_modules/egg-logrotator/app/schedule/clean_log.js
2017-06-06 13:41:58,664 INFO 1490 [egg-schedule]: register schedule egg-schedule:/Users/Vayron/site/ucoin/admin/server/node_modules/egg-logrotator/app/schedule/rotate_by_file.js
2017-06-06 13:41:58,702 INFO 1490 [egg-mysql] connecting uae_dev@10.20.39.32:3306/UCOIN
2017-06-06 13:41:58,791 INFO 1490 [egg-mysql] connecting uae_dev@10.20.39.32:3306/UCOIN
2017-06-06 13:41:59,565 INFO 1490 [egg-static] starting static serve / -> /Users/Vayron/site/ucoin/admin/server/app/public
2017-06-06 13:41:59,569 INFO 1490 [egg-security] use csrf middleware
2017-06-06 13:41:59,573 INFO 1490 [egg-security] use methodnoallow middleware
2017-06-06 13:41:59,574 INFO 1490 [egg-security] use noopen middleware
2017-06-06 13:41:59,575 INFO 1490 [egg-security] use nosniff middleware
2017-06-06 13:41:59,576 INFO 1490 [egg-security] use xssProtection middleware
2017-06-06 13:41:59,577 INFO 1490 [egg-security] use xframe middleware
2017-06-06 13:41:59,578 INFO 1490 [egg-security] compose 6 middlewares into one security middleware
2017-06-06 13:41:59,750 INFO 1490 [egg-watcher:app] watcher start success
2017-06-06 13:41:59,819 INFO 1490 [egg-mysql] instance[0] status OK, rds currentTime: 2017-06-06 13:39:26
2017-06-06 13:41:59,821 INFO 1490 [egg-mysql] instance[1] status OK, rds currentTime: 2017-06-06 13:39:26
2017-06-06 18:08:24,044 INFO 6396 [egg:logger] init all loggers with options: {"dir":"/Users/Vayron/site/ucoin/admin/server/private/log","encoding":"utf8","env":"local","level":"INFO","consoleLevel":"INFO","outputJSON":false,"buffer":true,"appLogName":"ucoinadmin-web.log","coreLogName":"egg-web.log","agentLogName":"egg-agent.log","errorLogName":"common-error.log","coreLogger":{"consoleLevel":"WARN"},"type":"application"}
2017-06-06 18:08:24,045 INFO 6396 [nut] reading uae config: /Users/Vayron/site/ucoin/admin/server/conf/config.json
2017-06-06 18:08:24,524 INFO 6396 [egg-schedule]: register schedule egg-schedule:/Users/Vayron/site/ucoin/admin/server/node_modules/egg-logrotator/app/schedule/clean_log.js
2017-06-06 18:08:24,525 INFO 6396 [egg-schedule]: register schedule egg-schedule:/Users/Vayron/site/ucoin/admin/server/node_modules/egg-logrotator/app/schedule/rotate_by_file.js
2017-06-06 18:08:24,603 INFO 6396 [egg-mysql] connecting uae_dev@10.20.39.32:3306/UCOIN
2017-06-06 18:08:24,733 INFO 6396 [egg-mysql] connecting uae_dev@10.20.39.32:3306/UCOIN
2017-06-06 18:08:25,215 INFO 6396 [egg-static] starting static serve / -> /Users/Vayron/site/ucoin/admin/server/app/public
2017-06-06 18:08:25,218 INFO 6396 [egg-security] use csrf middleware
2017-06-06 18:08:25,220 INFO 6396 [egg-security] use methodnoallow middleware
2017-06-06 18:08:25,221 INFO 6396 [egg-security] use noopen middleware
2017-06-06 18:08:25,222 INFO 6396 [egg-security] use nosniff middleware
2017-06-06 18:08:25,223 INFO 6396 [egg-security] use xssProtection middleware
2017-06-06 18:08:25,224 INFO 6396 [egg-security] use xframe middleware
2017-06-06 18:08:25,224 INFO 6396 [egg-security] compose 6 middlewares into one security middleware
2017-06-06 18:08:25,306 INFO 6396 [egg-watcher:app] watcher start success
2017-06-06 18:08:25,395 INFO 6396 [egg-mysql] instance[0] status OK, rds currentTime: 2017-06-06 18:05:50
2017-06-06 18:08:25,397 INFO 6396 [egg-mysql] instance[1] status OK, rds currentTime: 2017-06-06 18:05:50
2017-06-06 18:08:55,469 INFO 6410 [egg:logger] init all loggers with options: {"dir":"/Users/Vayron/site/ucoin/admin/server/private/log","encoding":"utf8","env":"local","level":"INFO","consoleLevel":"INFO","outputJSON":false,"buffer":true,"appLogName":"ucoinadmin-web.log","coreLogName":"egg-web.log","agentLogName":"egg-agent.log","errorLogName":"common-error.log","coreLogger":{"consoleLevel":"WARN"},"type":"application"}
2017-06-06 18:08:55,469 INFO 6410 [nut] reading uae config: /Users/Vayron/site/ucoin/admin/server/conf/config.json
2017-06-06 18:08:56,244 INFO 6410 [egg-schedule]: register schedule egg-schedule:/Users/Vayron/site/ucoin/admin/server/node_modules/egg-logrotator/app/schedule/clean_log.js
2017-06-06 18:08:56,244 INFO 6410 [egg-schedule]: register schedule egg-schedule:/Users/Vayron/site/ucoin/admin/server/node_modules/egg-logrotator/app/schedule/rotate_by_file.js
2017-06-06 18:08:56,296 INFO 6410 [egg-mysql] connecting uae_dev@10.20.39.32:3306/UCOIN
2017-06-06 18:08:56,430 INFO 6410 [egg-mysql] connecting uae_dev@10.20.39.32:3306/UCOIN
2017-06-06 18:08:57,167 INFO 6410 [egg-static] starting static serve / -> /Users/Vayron/site/ucoin/admin/server/app/public
2017-06-06 18:08:57,172 INFO 6410 [egg-security] use csrf middleware
2017-06-06 18:08:57,175 INFO 6410 [egg-security] use methodnoallow middleware
2017-06-06 18:08:57,177 INFO 6410 [egg-security] use noopen middleware
2017-06-06 18:08:57,178 INFO 6410 [egg-security] use nosniff middleware
2017-06-06 18:08:57,180 INFO 6410 [egg-security] use xssProtection middleware
2017-06-06 18:08:57,182 INFO 6410 [egg-security] use xframe middleware
2017-06-06 18:08:57,182 INFO 6410 [egg-security] compose 6 middlewares into one security middleware
2017-06-06 18:08:57,339 INFO 6410 [egg-watcher:app] watcher start success
2017-06-06 18:08:57,386 INFO 6410 [egg-mysql] instance[0] status OK, rds currentTime: 2017-06-06 18:06:22
2017-06-06 18:08:57,387 INFO 6410 [egg-mysql] instance[1] status OK, rds currentTime: 2017-06-06 18:06:22
2017-06-06 18:09:12,408 INFO 6415 [egg:logger] init all loggers with options: {"dir":"/Users/Vayron/site/ucoin/admin/server/private/log","encoding":"utf8","env":"local","level":"INFO","consoleLevel":"INFO","outputJSON":false,"buffer":true,"appLogName":"ucoinadmin-web.log","coreLogName":"egg-web.log","agentLogName":"egg-agent.log","errorLogName":"common-error.log","coreLogger":{"consoleLevel":"WARN"},"type":"application"}
2017-06-06 18:09:12,408 INFO 6415 [nut] reading uae config: /Users/Vayron/site/ucoin/admin/server/conf/config.json
2017-06-06 18:09:12,736 INFO 6415 [egg-schedule]: register schedule egg-schedule:/Users/Vayron/site/ucoin/admin/server/node_modules/egg-logrotator/app/schedule/clean_log.js
2017-06-06 18:09:12,736 INFO 6415 [egg-schedule]: register schedule egg-schedule:/Users/Vayron/site/ucoin/admin/server/node_modules/egg-logrotator/app/schedule/rotate_by_file.js
2017-06-06 18:09:12,757 INFO 6415 [egg-mysql] connecting uae_dev@10.20.39.32:3306/UCOIN
2017-06-06 18:09:12,824 INFO 6415 [egg-mysql] connecting uae_dev@10.20.39.32:3306/UCOIN
2017-06-06 18:09:13,226 INFO 6415 [egg-static] starting static serve / -> /Users/Vayron/site/ucoin/admin/server/app/public
2017-06-06 18:09:13,229 INFO 6415 [egg-security] use csrf middleware
2017-06-06 18:09:13,230 INFO 6415 [egg-security] use methodnoallow middleware
2017-06-06 18:09:13,230 INFO 6415 [egg-security] use noopen middleware
2017-06-06 18:09:13,231 INFO 6415 [egg-security] use nosniff middleware
2017-06-06 18:09:13,231 INFO 6415 [egg-security] use xssProtection middleware
2017-06-06 18:09:13,232 INFO 6415 [egg-security] use xframe middleware
2017-06-06 18:09:13,232 INFO 6415 [egg-security] compose 6 middlewares into one security middleware
2017-06-06 18:09:13,331 INFO 6415 [egg-watcher:app] watcher start success
2017-06-06 18:09:13,393 INFO 6415 [egg-mysql] instance[0] status OK, rds currentTime: 2017-06-06 18:06:38
2017-06-06 18:09:13,400 INFO 6415 [egg-mysql] instance[1] status OK, rds currentTime: 2017-06-06 18:06:38
2017-06-06 18:13:27,864 INFO 6471 [egg:logger] init all loggers with options: {"dir":"/Users/Vayron/site/ucoin/admin/server/private/log","encoding":"utf8","env":"local","level":"INFO","consoleLevel":"INFO","outputJSON":false,"buffer":true,"appLogName":"ucoinadmin-web.log","coreLogName":"egg-web.log","agentLogName":"egg-agent.log","errorLogName":"common-error.log","coreLogger":{"consoleLevel":"WARN"},"type":"application"}
2017-06-06 18:13:27,864 INFO 6471 [nut] reading uae config: /Users/Vayron/site/ucoin/admin/server/conf/config.json
2017-06-06 18:13:28,411 INFO 6471 [egg-schedule]: register schedule egg-schedule:/Users/Vayron/site/ucoin/admin/server/node_modules/egg-logrotator/app/schedule/clean_log.js
2017-06-06 18:13:28,412 INFO 6471 [egg-schedule]: register schedule egg-schedule:/Users/Vayron/site/ucoin/admin/server/node_modules/egg-logrotator/app/schedule/rotate_by_file.js
2017-06-06 18:13:28,449 INFO 6471 [egg-mysql] connecting uae_dev@10.20.39.32:3306/UCOIN
2017-06-06 18:13:28,536 INFO 6471 [egg-mysql] connecting uae_dev@10.20.39.32:3306/UCOIN
2017-06-06 18:13:29,007 INFO 6471 [egg-static] starting static serve / -> /Users/Vayron/site/ucoin/admin/server/app/public
2017-06-06 18:13:29,011 INFO 6471 [egg-security] use csrf middleware
2017-06-06 18:13:29,013 INFO 6471 [egg-security] use methodnoallow middleware
2017-06-06 18:13:29,013 INFO 6471 [egg-security] use noopen middleware
2017-06-06 18:13:29,014 INFO 6471 [egg-security] use nosniff middleware
2017-06-06 18:13:29,015 INFO 6471 [egg-security] use xssProtection middleware
2017-06-06 18:13:29,016 INFO 6471 [egg-security] use xframe middleware
2017-06-06 18:13:29,016 INFO 6471 [egg-security] compose 6 middlewares into one security middleware
2017-06-06 18:13:29,143 INFO 6471 [egg-watcher:app] watcher start success
2017-06-06 18:13:29,184 INFO 6471 [egg-mysql] instance[0] status OK, rds currentTime: 2017-06-06 18:10:54
2017-06-06 18:13:29,185 INFO 6471 [egg-mysql] instance[1] status OK, rds currentTime: 2017-06-06 18:10:54
2017-06-06 18:18:22,772 INFO 6542 [egg:logger] init all loggers with options: {"dir":"/Users/Vayron/site/ucoin/admin/server/private/log","encoding":"utf8","env":"local","level":"INFO","consoleLevel":"INFO","outputJSON":false,"buffer":true,"appLogName":"ucoinadmin-web.log","coreLogName":"egg-web.log","agentLogName":"egg-agent.log","errorLogName":"common-error.log","coreLogger":{"consoleLevel":"WARN"},"type":"application"}
2017-06-06 18:18:22,772 INFO 6542 [nut] reading uae config: /Users/Vayron/site/ucoin/admin/server/conf/config.json
2017-06-06 18:18:23,364 INFO 6542 [egg-schedule]: register schedule egg-schedule:/Users/Vayron/site/ucoin/admin/server/node_modules/egg-logrotator/app/schedule/clean_log.js
2017-06-06 18:18:23,364 INFO 6542 [egg-schedule]: register schedule egg-schedule:/Users/Vayron/site/ucoin/admin/server/node_modules/egg-logrotator/app/schedule/rotate_by_file.js
2017-06-06 18:18:23,437 INFO 6542 [egg-mysql] connecting uae_dev@10.20.39.32:3306/UCOIN
2017-06-06 18:18:23,744 INFO 6542 [egg-mysql] connecting uae_dev@10.20.39.32:3306/UCOIN
2017-06-06 18:18:24,333 INFO 6542 [egg-static] starting static serve / -> /Users/Vayron/site/ucoin/admin/server/app/public
2017-06-06 18:18:24,337 INFO 6542 [egg-security] use csrf middleware
2017-06-06 18:18:24,340 INFO 6542 [egg-security] use methodnoallow middleware
2017-06-06 18:18:24,341 INFO 6542 [egg-security] use noopen middleware
2017-06-06 18:18:24,341 INFO 6542 [egg-security] use nosniff middleware
2017-06-06 18:18:24,342 INFO 6542 [egg-security] use xssProtection middleware
2017-06-06 18:18:24,343 INFO 6542 [egg-security] use xframe middleware
2017-06-06 18:18:24,343 INFO 6542 [egg-security] compose 6 middlewares into one security middleware
2017-06-06 18:18:24,438 INFO 6542 [egg-watcher:app] watcher start success
2017-06-06 18:18:24,501 INFO 6542 [egg-mysql] instance[0] status OK, rds currentTime: 2017-06-06 18:15:49
2017-06-06 18:18:24,502 INFO 6542 [egg-mysql] instance[1] status OK, rds currentTime: 2017-06-06 18:15:49
2017-06-06 18:18:35,999 INFO 6545 [egg:logger] init all loggers with options: {"dir":"/Users/Vayron/site/ucoin/admin/server/private/log","encoding":"utf8","env":"local","level":"INFO","consoleLevel":"INFO","outputJSON":false,"buffer":true,"appLogName":"ucoinadmin-web.log","coreLogName":"egg-web.log","agentLogName":"egg-agent.log","errorLogName":"common-error.log","coreLogger":{"consoleLevel":"WARN"},"type":"application"}
2017-06-06 18:18:35,999 INFO 6545 [nut] reading uae config: /Users/Vayron/site/ucoin/admin/server/conf/config.json
2017-06-06 18:18:36,323 INFO 6545 [egg-schedule]: register schedule egg-schedule:/Users/Vayron/site/ucoin/admin/server/node_modules/egg-logrotator/app/schedule/clean_log.js
2017-06-06 18:18:36,323 INFO 6545 [egg-schedule]: register schedule egg-schedule:/Users/Vayron/site/ucoin/admin/server/node_modules/egg-logrotator/app/schedule/rotate_by_file.js
2017-06-06 18:18:36,343 INFO 6545 [egg-mysql] connecting uae_dev@10.20.39.32:3306/UCOIN
2017-06-06 18:18:36,397 INFO 6545 [egg-mysql] connecting uae_dev@10.20.39.32:3306/UCOIN
2017-06-06 18:18:36,729 INFO 6545 [egg-static] starting static serve / -> /Users/Vayron/site/ucoin/admin/server/app/public
2017-06-06 18:18:36,732 INFO 6545 [egg-security] use csrf middleware
2017-06-06 18:18:36,733 INFO 6545 [egg-security] use methodnoallow middleware
2017-06-06 18:18:36,734 INFO 6545 [egg-security] use noopen middleware
2017-06-06 18:18:36,734 INFO 6545 [egg-security] use nosniff middleware
2017-06-06 18:18:36,734 INFO 6545 [egg-security] use xssProtection middleware
2017-06-06 18:18:36,735 INFO 6545 [egg-security] use xframe middleware
2017-06-06 18:18:36,735 INFO 6545 [egg-security] compose 6 middlewares into one security middleware
2017-06-06 18:18:36,814 INFO 6545 [egg-watcher:app] watcher start success
2017-06-06 18:18:36,868 INFO 6545 [egg-mysql] instance[0] status OK, rds currentTime: 2017-06-06 18:16:02
2017-06-06 18:18:36,869 INFO 6545 [egg-mysql] instance[1] status OK, rds currentTime: 2017-06-06 18:16:02
2017-06-06 18:23:17,476 INFO 6745 [egg:logger] init all loggers with options: {"dir":"/Users/Vayron/site/ucoin/admin/server/private/log","encoding":"utf8","env":"local","level":"INFO","consoleLevel":"INFO","outputJSON":false,"buffer":true,"appLogName":"ucoinadmin-web.log","coreLogName":"egg-web.log","agentLogName":"egg-agent.log","errorLogName":"common-error.log","coreLogger":{"consoleLevel":"WARN"},"type":"application"}
2017-06-06 18:23:17,476 INFO 6745 [nut] reading uae config: /Users/Vayron/site/ucoin/admin/server/conf/config.json
2017-06-06 18:23:17,877 INFO 6745 [egg-schedule]: register schedule egg-schedule:/Users/Vayron/site/ucoin/admin/server/node_modules/egg-logrotator/app/schedule/clean_log.js
2017-06-06 18:23:17,877 INFO 6745 [egg-schedule]: register schedule egg-schedule:/Users/Vayron/site/ucoin/admin/server/node_modules/egg-logrotator/app/schedule/rotate_by_file.js
2017-06-06 18:23:17,913 INFO 6745 [egg-mysql] connecting uae_dev@10.20.39.32:3306/UCOIN
2017-06-06 18:23:17,990 INFO 6745 [egg-mysql] connecting uae_dev@10.20.39.32:3306/UCOIN
2017-06-06 18:23:18,486 INFO 6745 [egg-static] starting static serve / -> /Users/Vayron/site/ucoin/admin/server/app/public
2017-06-06 18:23:18,489 INFO 6745 [egg-security] use csrf middleware
2017-06-06 18:23:18,493 INFO 6745 [egg-security] use methodnoallow middleware
2017-06-06 18:23:18,494 INFO 6745 [egg-security] use noopen middleware
2017-06-06 18:23:18,495 INFO 6745 [egg-security] use nosniff middleware
2017-06-06 18:23:18,496 INFO 6745 [egg-security] use xssProtection middleware
2017-06-06 18:23:18,497 INFO 6745 [egg-security] use xframe middleware
2017-06-06 18:23:18,497 INFO 6745 [egg-security] compose 6 middlewares into one security middleware
2017-06-06 18:23:18,578 INFO 6745 [egg-watcher:app] watcher start success
2017-06-06 18:23:18,633 INFO 6745 [egg-mysql] instance[0] status OK, rds currentTime: 2017-06-06 18:20:43
2017-06-06 18:23:18,634 INFO 6745 [egg-mysql] instance[1] status OK, rds currentTime: 2017-06-06 18:20:43
2017-06-06 18:23:24,601 INFO 6818 [egg:logger] init all loggers with options: {"dir":"/Users/Vayron/site/ucoin/admin/server/private/log","encoding":"utf8","env":"local","level":"INFO","consoleLevel":"INFO","outputJSON":false,"buffer":true,"appLogName":"ucoinadmin-web.log","coreLogName":"egg-web.log","agentLogName":"egg-agent.log","errorLogName":"common-error.log","coreLogger":{"consoleLevel":"WARN"},"type":"application"}
2017-06-06 18:23:24,601 INFO 6818 [nut] reading uae config: /Users/Vayron/site/ucoin/admin/server/conf/config.json
2017-06-06 18:23:25,034 INFO 6818 [egg-schedule]: register schedule egg-schedule:/Users/Vayron/site/ucoin/admin/server/node_modules/egg-logrotator/app/schedule/clean_log.js
2017-06-06 18:23:25,034 INFO 6818 [egg-schedule]: register schedule egg-schedule:/Users/Vayron/site/ucoin/admin/server/node_modules/egg-logrotator/app/schedule/rotate_by_file.js
2017-06-06 18:23:25,063 INFO 6818 [egg-mysql] connecting uae_dev@10.20.39.32:3306/UCOIN
2017-06-06 18:23:25,143 INFO 6818 [egg-mysql] connecting uae_dev@10.20.39.32:3306/UCOIN
2017-06-06 18:23:25,490 INFO 6818 [egg-static] starting static serve / -> /Users/Vayron/site/ucoin/admin/server/app/public
2017-06-06 18:23:25,492 INFO 6818 [egg-security] use csrf middleware
2017-06-06 18:23:25,494 INFO 6818 [egg-security] use methodnoallow middleware
2017-06-06 18:23:25,494 INFO 6818 [egg-security] use noopen middleware
2017-06-06 18:23:25,494 INFO 6818 [egg-security] use nosniff middleware
2017-06-06 18:23:25,495 INFO 6818 [egg-security] use xssProtection middleware
2017-06-06 18:23:25,495 INFO 6818 [egg-security] use xframe middleware
2017-06-06 18:23:25,495 INFO 6818 [egg-security] compose 6 middlewares into one security middleware
2017-06-06 18:23:25,571 INFO 6818 [egg-watcher:app] watcher start success
2017-06-06 18:23:25,641 INFO 6818 [egg-mysql] instance[0] status OK, rds currentTime: 2017-06-06 18:20:50
2017-06-06 18:23:25,642 INFO 6818 [egg-mysql] instance[1] status OK, rds currentTime: 2017-06-06 18:20:50
2017-06-06 18:26:12,152 INFO 7462 [egg:logger] init all loggers with options: {"dir":"/Users/Vayron/site/ucoin/admin/server/private/log","encoding":"utf8","env":"local","level":"INFO","consoleLevel":"INFO","outputJSON":false,"buffer":true,"appLogName":"ucoinadmin-web.log","coreLogName":"egg-web.log","agentLogName":"egg-agent.log","errorLogName":"common-error.log","coreLogger":{"consoleLevel":"WARN"},"type":"application"}
2017-06-06 18:26:12,152 INFO 7462 [nut] reading uae config: /Users/Vayron/site/ucoin/admin/server/conf/config.json
2017-06-06 18:26:13,048 INFO 7462 [egg-schedule]: register schedule egg-schedule:/Users/Vayron/site/ucoin/admin/server/node_modules/egg-logrotator/app/schedule/clean_log.js
2017-06-06 18:26:13,048 INFO 7462 [egg-schedule]: register schedule egg-schedule:/Users/Vayron/site/ucoin/admin/server/node_modules/egg-logrotator/app/schedule/rotate_by_file.js
2017-06-06 18:26:13,084 INFO 7462 [egg-mysql] connecting uae_dev@10.20.39.32:3306/UCOIN
2017-06-06 18:26:13,169 INFO 7462 [egg-mysql] connecting uae_dev@10.20.39.32:3306/UCOIN
2017-06-06 18:26:13,671 INFO 7462 [egg-static] starting static serve / -> /Users/Vayron/site/ucoin/admin/server/app/public
2017-06-06 18:26:13,674 INFO 7462 [egg-security] use csrf middleware
2017-06-06 18:26:13,676 INFO 7462 [egg-security] use methodnoallow middleware
2017-06-06 18:26:13,677 INFO 7462 [egg-security] use noopen middleware
2017-06-06 18:26:13,680 INFO 7462 [egg-security] use nosniff middleware
2017-06-06 18:26:13,681 INFO 7462 [egg-security] use xssProtection middleware
2017-06-06 18:26:13,683 INFO 7462 [egg-security] use xframe middleware
2017-06-06 18:26:13,683 INFO 7462 [egg-security] compose 6 middlewares into one security middleware
2017-06-06 18:26:13,781 INFO 7462 [egg-watcher:app] watcher start success
2017-06-06 18:26:13,832 INFO 7462 [egg-mysql] instance[0] status OK, rds currentTime: 2017-06-06 18:23:39
2017-06-06 18:26:13,833 INFO 7462 [egg-mysql] instance[1] status OK, rds currentTime: 2017-06-06 18:23:39
2017-06-06 18:53:50,258 INFO 8849 [egg:logger] init all loggers with options: {"dir":"/Users/Vayron/site/ucoin/admin/server/private/log","encoding":"utf8","env":"local","level":"INFO","consoleLevel":"INFO","outputJSON":false,"buffer":true,"appLogName":"ucoinadmin-web.log","coreLogName":"egg-web.log","agentLogName":"egg-agent.log","errorLogName":"common-error.log","coreLogger":{"consoleLevel":"WARN"},"type":"application"}
2017-06-06 18:53:50,259 INFO 8849 [nut] reading uae config: /Users/Vayron/site/ucoin/admin/server/conf/config.json
2017-06-06 18:53:51,386 INFO 8849 [egg-schedule]: register schedule egg-schedule:/Users/Vayron/site/ucoin/admin/server/node_modules/egg-logrotator/app/schedule/clean_log.js
2017-06-06 18:53:51,386 INFO 8849 [egg-schedule]: register schedule egg-schedule:/Users/Vayron/site/ucoin/admin/server/node_modules/egg-logrotator/app/schedule/rotate_by_file.js
2017-06-06 18:53:51,443 INFO 8849 [egg-mysql] connecting uae_dev@10.20.39.32:3306/UCOIN
2017-06-06 18:53:51,609 INFO 8849 [egg-mysql] connecting uae_dev@10.20.39.32:3306/UCOIN
2017-06-06 18:53:52,375 INFO 8849 [egg-static] starting static serve / -> /Users/Vayron/site/ucoin/admin/server/app/public
2017-06-06 18:53:52,379 INFO 8849 [egg-security] use csrf middleware
2017-06-06 18:53:52,382 INFO 8849 [egg-security] use methodnoallow middleware
2017-06-06 18:53:52,384 INFO 8849 [egg-security] use noopen middleware
2017-06-06 18:53:52,385 INFO 8849 [egg-security] use nosniff middleware
2017-06-06 18:53:52,386 INFO 8849 [egg-security] use xssProtection middleware
2017-06-06 18:53:52,387 INFO 8849 [egg-security] use xframe middleware
2017-06-06 18:53:52,387 INFO 8849 [egg-security] compose 6 middlewares into one security middleware
2017-06-06 18:53:52,522 INFO 8849 [egg-watcher:app] watcher start success
2017-06-06 18:53:52,574 INFO 8849 [egg-mysql] instance[0] status OK, rds currentTime: 2017-06-06 18:51:17
2017-06-06 18:53:52,576 INFO 8849 [egg-mysql] instance[1] status OK, rds currentTime: 2017-06-06 18:51:17
2017-06-06 18:55:26,291 INFO 8872 [egg:logger] init all loggers with options: {"dir":"/Users/Vayron/site/ucoin/admin/server/private/log","encoding":"utf8","env":"local","level":"INFO","consoleLevel":"INFO","outputJSON":false,"buffer":true,"appLogName":"ucoinadmin-web.log","coreLogName":"egg-web.log","agentLogName":"egg-agent.log","errorLogName":"common-error.log","coreLogger":{"consoleLevel":"WARN"},"type":"application"}
2017-06-06 18:55:26,291 INFO 8872 [nut] reading uae config: /Users/Vayron/site/ucoin/admin/server/conf/config.json
2017-06-06 18:55:26,899 INFO 8872 [egg-schedule]: register schedule egg-schedule:/Users/Vayron/site/ucoin/admin/server/node_modules/egg-logrotator/app/schedule/clean_log.js
2017-06-06 18:55:26,899 INFO 8872 [egg-schedule]: register schedule egg-schedule:/Users/Vayron/site/ucoin/admin/server/node_modules/egg-logrotator/app/schedule/rotate_by_file.js
2017-06-06 18:55:26,931 INFO 8872 [egg-mysql] connecting uae_dev@10.20.39.32:3306/UCOIN
2017-06-06 18:55:27,012 INFO 8872 [egg-mysql] connecting uae_dev@10.20.39.32:3306/UCOIN
2017-06-06 18:55:27,627 INFO 8872 [egg-static] starting static serve / -> /Users/Vayron/site/ucoin/admin/server/app/public
2017-06-06 18:55:27,630 INFO 8872 [egg-security] use csrf middleware
2017-06-06 18:55:27,634 INFO 8872 [egg-security] use methodnoallow middleware
2017-06-06 18:55:27,635 INFO 8872 [egg-security] use noopen middleware
2017-06-06 18:55:27,636 INFO 8872 [egg-security] use nosniff middleware
2017-06-06 18:55:27,637 INFO 8872 [egg-security] use xssProtection middleware
2017-06-06 18:55:27,638 INFO 8872 [egg-security] use xframe middleware
2017-06-06 18:55:27,638 INFO 8872 [egg-security] compose 6 middlewares into one security middleware
2017-06-06 18:55:27,887 INFO 8872 [egg-watcher:app] watcher start success
2017-06-06 18:55:27,969 INFO 8872 [egg-mysql] instance[0] status OK, rds currentTime: 2017-06-06 18:52:53
2017-06-06 18:55:27,971 INFO 8872 [egg-mysql] instance[1] status OK, rds currentTime: 2017-06-06 18:52:53
2017-06-06 19:25:14,099 WARN 8872 [ClusterClient:Watcher] follower closed, and try to init it again
2017-06-07 10:09:14,317 INFO 12792 [egg:logger] init all loggers with options: {"dir":"/Users/Vayron/site/ucoin/admin/server/private/log","encoding":"utf8","env":"local","level":"INFO","consoleLevel":"INFO","outputJSON":false,"buffer":true,"appLogName":"ucoinadmin-web.log","coreLogName":"egg-web.log","agentLogName":"egg-agent.log","errorLogName":"common-error.log","coreLogger":{"consoleLevel":"WARN"},"type":"application"}
2017-06-07 10:09:14,317 INFO 12792 [nut] reading uae config: /Users/Vayron/site/ucoin/admin/server/conf/config.json
2017-06-07 10:09:14,690 INFO 12792 [egg-schedule]: register schedule egg-schedule:/Users/Vayron/site/ucoin/admin/server/node_modules/egg-logrotator/app/schedule/clean_log.js
2017-06-07 10:09:14,690 INFO 12792 [egg-schedule]: register schedule egg-schedule:/Users/Vayron/site/ucoin/admin/server/node_modules/egg-logrotator/app/schedule/rotate_by_file.js
2017-06-07 10:09:14,716 INFO 12792 [egg-mysql] connecting uae_dev@10.20.39.32:3306/UCOIN
2017-06-07 10:09:14,800 INFO 12792 [egg-mysql] connecting uae_dev@10.20.39.32:3306/UCOIN
2017-06-07 10:09:15,279 INFO 12792 [egg-static] starting static serve / -> /Users/Vayron/site/ucoin/admin/server/app/public
2017-06-07 10:09:15,283 INFO 12792 [egg-security] use csrf middleware
2017-06-07 10:09:15,285 INFO 12792 [egg-security] use methodnoallow middleware
2017-06-07 10:09:15,286 INFO 12792 [egg-security] use noopen middleware
2017-06-07 10:09:15,287 INFO 12792 [egg-security] use nosniff middleware
2017-06-07 10:09:15,288 INFO 12792 [egg-security] use xssProtection middleware
2017-06-07 10:09:15,289 INFO 12792 [egg-security] use xframe middleware
2017-06-07 10:09:15,289 INFO 12792 [egg-security] compose 6 middlewares into one security middleware
2017-06-07 10:09:15,384 INFO 12792 [egg-watcher:app] watcher start success
2017-06-07 10:09:15,448 INFO 12792 [egg-mysql] instance[0] status OK, rds currentTime: 2017-06-07 10:06:38
2017-06-07 10:09:15,449 INFO 12792 [egg-mysql] instance[1] status OK, rds currentTime: 2017-06-07 10:06:38
2017-06-07 10:54:03,049 INFO 14640 [egg:logger] init all loggers with options: {"dir":"/Users/Vayron/site/ucoin/admin/server/private/log","encoding":"utf8","env":"local","level":"INFO","consoleLevel":"INFO","outputJSON":false,"buffer":true,"appLogName":"ucoinadmin-web.log","coreLogName":"egg-web.log","agentLogName":"egg-agent.log","errorLogName":"common-error.log","coreLogger":{"consoleLevel":"WARN"},"type":"application"}
2017-06-07 10:54:03,049 INFO 14640 [nut] reading uae config: /Users/Vayron/site/ucoin/admin/server/conf/config.json
2017-06-07 10:54:03,498 INFO 14640 [egg-schedule]: register schedule egg-schedule:/Users/Vayron/site/ucoin/admin/server/node_modules/egg-logrotator/app/schedule/clean_log.js
2017-06-07 10:54:03,498 INFO 14640 [egg-schedule]: register schedule egg-schedule:/Users/Vayron/site/ucoin/admin/server/node_modules/egg-logrotator/app/schedule/rotate_by_file.js
2017-06-07 10:54:03,539 INFO 14640 [egg-mysql] connecting uae_dev@10.20.39.32:3306/UCOIN
2017-06-07 10:54:03,623 INFO 14640 [egg-mysql] connecting uae_dev@10.20.39.32:3306/UCOIN
2017-06-07 10:54:04,408 INFO 14640 [egg-static] starting static serve / -> /Users/Vayron/site/ucoin/admin/server/app/public
2017-06-07 10:54:04,421 INFO 14640 [egg-security] use csrf middleware
2017-06-07 10:54:04,429 INFO 14640 [egg-security] use methodnoallow middleware
2017-06-07 10:54:04,431 INFO 14640 [egg-security] use noopen middleware
2017-06-07 10:54:04,432 INFO 14640 [egg-security] use nosniff middleware
2017-06-07 10:54:04,433 INFO 14640 [egg-security] use xssProtection middleware
2017-06-07 10:54:04,435 INFO 14640 [egg-security] use xframe middleware
2017-06-07 10:54:04,435 INFO 14640 [egg-security] compose 6 middlewares into one security middleware
2017-06-07 10:54:04,567 INFO 14640 [egg-watcher:app] watcher start success
2017-06-07 10:54:04,842 INFO 14640 [egg-mysql] instance[0] status OK, rds currentTime: 2017-06-07 10:51:27
2017-06-07 10:54:04,852 INFO 14640 [egg-mysql] instance[1] status OK, rds currentTime: 2017-06-07 10:51:27
2017-06-07 10:54:15,907 INFO 14918 [egg:logger] init all loggers with options: {"dir":"/Users/Vayron/site/ucoin/admin/server/private/log","encoding":"utf8","env":"local","level":"INFO","consoleLevel":"INFO","outputJSON":false,"buffer":true,"appLogName":"ucoinadmin-web.log","coreLogName":"egg-web.log","agentLogName":"egg-agent.log","errorLogName":"common-error.log","coreLogger":{"consoleLevel":"WARN"},"type":"application"}
2017-06-07 10:54:15,908 INFO 14918 [nut] reading uae config: /Users/Vayron/site/ucoin/admin/server/conf/config.json
2017-06-07 10:54:16,541 INFO 14918 [egg-schedule]: register schedule egg-schedule:/Users/Vayron/site/ucoin/admin/server/node_modules/egg-logrotator/app/schedule/clean_log.js
2017-06-07 10:54:16,541 INFO 14918 [egg-schedule]: register schedule egg-schedule:/Users/Vayron/site/ucoin/admin/server/node_modules/egg-logrotator/app/schedule/rotate_by_file.js
2017-06-07 10:54:16,589 INFO 14918 [egg-mysql] connecting uae_dev@10.20.39.32:3306/UCOIN
2017-06-07 10:54:16,933 INFO 14918 [egg-mysql] connecting uae_dev@10.20.39.32:3306/UCOIN
2017-06-07 10:54:18,687 INFO 14918 [egg-static] starting static serve / -> /Users/Vayron/site/ucoin/admin/server/app/public
2017-06-07 10:54:18,700 INFO 14918 [egg-security] use csrf middleware
2017-06-07 10:54:18,708 INFO 14918 [egg-security] use methodnoallow middleware
2017-06-07 10:54:18,716 INFO 14918 [egg-security] use noopen middleware
2017-06-07 10:54:18,717 INFO 14918 [egg-security] use nosniff middleware
2017-06-07 10:54:18,718 INFO 14918 [egg-security] use xssProtection middleware
2017-06-07 10:54:18,719 INFO 14918 [egg-security] use xframe middleware
2017-06-07 10:54:18,719 INFO 14918 [egg-security] compose 6 middlewares into one security middleware
2017-06-07 10:54:18,986 INFO 14918 [egg-watcher:app] watcher start success
2017-06-07 10:54:19,101 INFO 14918 [egg-mysql] instance[0] status OK, rds currentTime: 2017-06-07 10:51:41
2017-06-07 10:54:19,103 INFO 14918 [egg-mysql] instance[1] status OK, rds currentTime: 2017-06-07 10:51:41
2017-06-07 11:11:56,274 INFO 15919 [egg:logger] init all loggers with options: {"dir":"/Users/Vayron/site/ucoin/admin/server/private/log","encoding":"utf8","env":"local","level":"INFO","consoleLevel":"INFO","outputJSON":false,"buffer":true,"appLogName":"ucoinadmin-web.log","coreLogName":"egg-web.log","agentLogName":"egg-agent.log","errorLogName":"common-error.log","coreLogger":{"consoleLevel":"WARN"},"type":"application"}
2017-06-07 11:11:56,274 INFO 15919 [nut] reading uae config: /Users/Vayron/site/ucoin/admin/server/conf/config.json
2017-06-07 11:11:56,774 INFO 15919 [egg-schedule]: register schedule egg-schedule:/Users/Vayron/site/ucoin/admin/server/node_modules/egg-logrotator/app/schedule/clean_log.js
2017-06-07 11:11:56,774 INFO 15919 [egg-schedule]: register schedule egg-schedule:/Users/Vayron/site/ucoin/admin/server/node_modules/egg-logrotator/app/schedule/rotate_by_file.js
2017-06-07 11:11:56,830 INFO 15919 [egg-mysql] connecting uae_dev@10.20.39.32:3306/UCOIN
2017-06-07 11:11:56,966 INFO 15919 [egg-mysql] connecting uae_dev@10.20.39.32:3306/UCOIN
2017-06-07 11:11:57,655 INFO 15919 [egg-static] starting static serve / -> /Users/Vayron/site/ucoin/admin/server/app/public
2017-06-07 11:11:57,661 INFO 15919 [egg-security] use csrf middleware
2017-06-07 11:11:57,664 INFO 15919 [egg-security] use methodnoallow middleware
2017-06-07 11:11:57,664 INFO 15919 [egg-security] use noopen middleware
2017-06-07 11:11:57,665 INFO 15919 [egg-security] use nosniff middleware
2017-06-07 11:11:57,666 INFO 15919 [egg-security] use xssProtection middleware
2017-06-07 11:11:57,667 INFO 15919 [egg-security] use xframe middleware
2017-06-07 11:11:57,667 INFO 15919 [egg-security] compose 6 middlewares into one security middleware
2017-06-07 11:11:57,766 INFO 15919 [egg-watcher:app] watcher start success
2017-06-07 11:11:57,826 INFO 15919 [egg-mysql] instance[0] status OK, rds currentTime: 2017-06-07 11:09:20
2017-06-07 11:11:57,828 INFO 15919 [egg-mysql] instance[1] status OK, rds currentTime: 2017-06-07 11:09:20
2017-06-07 11:21:07,653 INFO 16075 [egg:logger] init all loggers with options: {"dir":"/Users/Vayron/site/ucoin/admin/server/private/log","encoding":"utf8","env":"local","level":"INFO","consoleLevel":"INFO","outputJSON":false,"buffer":true,"appLogName":"ucoinadmin-web.log","coreLogName":"egg-web.log","agentLogName":"egg-agent.log","errorLogName":"common-error.log","coreLogger":{"consoleLevel":"WARN"},"type":"application"}
2017-06-07 11:21:07,653 INFO 16075 [nut] reading uae config: /Users/Vayron/site/ucoin/admin/server/conf/config.json
2017-06-07 11:21:08,095 INFO 16075 [egg-schedule]: register schedule egg-schedule:/Users/Vayron/site/ucoin/admin/server/node_modules/egg-logrotator/app/schedule/clean_log.js
2017-06-07 11:21:08,096 INFO 16075 [egg-schedule]: register schedule egg-schedule:/Users/Vayron/site/ucoin/admin/server/node_modules/egg-logrotator/app/schedule/rotate_by_file.js
2017-06-07 11:21:08,136 INFO 16075 [egg-mysql] connecting uae_dev@10.20.39.32:3306/UCOIN
2017-06-07 11:21:08,220 INFO 16075 [egg-mysql] connecting uae_dev@10.20.39.32:3306/UCOIN
2017-06-07 11:21:08,700 INFO 16075 [egg-static] starting static serve / -> /Users/Vayron/site/ucoin/admin/server/app/public
2017-06-07 11:21:08,704 INFO 16075 [egg-security] use csrf middleware
2017-06-07 11:21:08,706 INFO 16075 [egg-security] use methodnoallow middleware
2017-06-07 11:21:08,707 INFO 16075 [egg-security] use noopen middleware
2017-06-07 11:21:08,708 INFO 16075 [egg-security] use nosniff middleware
2017-06-07 11:21:08,709 INFO 16075 [egg-security] use xssProtection middleware
2017-06-07 11:21:08,710 INFO 16075 [egg-security] use xframe middleware
2017-06-07 11:21:08,710 INFO 16075 [egg-security] compose 6 middlewares into one security middleware
2017-06-07 11:21:08,897 INFO 16075 [egg-watcher:app] watcher start success
2017-06-07 11:21:08,949 INFO 16075 [egg-mysql] instance[0] status OK, rds currentTime: 2017-06-07 11:18:31
2017-06-07 11:21:08,950 INFO 16075 [egg-mysql] instance[1] status OK, rds currentTime: 2017-06-07 11:18:31
2017-06-07 11:23:49,771 INFO 16112 [egg:logger] init all loggers with options: {"dir":"/Users/Vayron/site/ucoin/admin/server/private/log","encoding":"utf8","env":"local","level":"INFO","consoleLevel":"INFO","outputJSON":false,"buffer":true,"appLogName":"ucoinadmin-web.log","coreLogName":"egg-web.log","agentLogName":"egg-agent.log","errorLogName":"common-error.log","coreLogger":{"consoleLevel":"WARN"},"type":"application"}
2017-06-07 11:23:49,772 INFO 16112 [nut] reading uae config: /Users/Vayron/site/ucoin/admin/server/conf/config.json
2017-06-07 11:23:50,566 INFO 16112 [egg-schedule]: register schedule egg-schedule:/Users/Vayron/site/ucoin/admin/server/node_modules/egg-logrotator/app/schedule/clean_log.js
2017-06-07 11:23:50,567 INFO 16112 [egg-schedule]: register schedule egg-schedule:/Users/Vayron/site/ucoin/admin/server/node_modules/egg-logrotator/app/schedule/rotate_by_file.js
2017-06-07 11:23:50,653 INFO 16112 [egg-mysql] connecting uae_dev@10.20.39.32:3306/UCOIN
2017-06-07 11:23:50,853 INFO 16112 [egg-mysql] connecting uae_dev@10.20.39.32:3306/UCOIN
2017-06-07 11:23:51,468 INFO 16112 [egg-static] starting static serve / -> /Users/Vayron/site/ucoin/admin/server/app/public
2017-06-07 11:23:51,472 INFO 16112 [egg-security] use csrf middleware
2017-06-07 11:23:51,474 INFO 16112 [egg-security] use methodnoallow middleware
2017-06-07 11:23:51,475 INFO 16112 [egg-security] use noopen middleware
2017-06-07 11:23:51,476 INFO 16112 [egg-security] use nosniff middleware
2017-06-07 11:23:51,476 INFO 16112 [egg-security] use xssProtection middleware
2017-06-07 11:23:51,477 INFO 16112 [egg-security] use xframe middleware
2017-06-07 11:23:51,477 INFO 16112 [egg-security] compose 6 middlewares into one security middleware
2017-06-07 11:23:51,603 INFO 16112 [egg-watcher:app] watcher start success
2017-06-07 11:23:51,654 INFO 16112 [egg-mysql] instance[0] status OK, rds currentTime: 2017-06-07 11:21:14
2017-06-07 11:23:51,657 INFO 16112 [egg-mysql] instance[1] status OK, rds currentTime: 2017-06-07 11:21:14
2017-06-07 11:56:26,236 INFO 16889 [egg:logger] init all loggers with options: {"dir":"/Users/Vayron/site/ucoin/admin/server/private/log","encoding":"utf8","env":"local","level":"INFO","consoleLevel":"INFO","outputJSON":false,"buffer":true,"appLogName":"ucoinadmin-web.log","coreLogName":"egg-web.log","agentLogName":"egg-agent.log","errorLogName":"common-error.log","coreLogger":{"consoleLevel":"WARN"},"type":"application"}
2017-06-07 11:56:26,236 INFO 16889 [nut] reading uae config: /Users/Vayron/site/ucoin/admin/server/conf/config.json
2017-06-07 11:56:27,257 INFO 16889 [egg-schedule]: register schedule egg-schedule:/Users/Vayron/site/ucoin/admin/server/node_modules/egg-logrotator/app/schedule/clean_log.js
2017-06-07 11:56:27,257 INFO 16889 [egg-schedule]: register schedule egg-schedule:/Users/Vayron/site/ucoin/admin/server/node_modules/egg-logrotator/app/schedule/rotate_by_file.js
2017-06-07 11:56:27,478 INFO 16889 [egg-mysql] connecting uae_dev@10.20.39.32:3306/UCOIN
2017-06-07 11:56:27,648 INFO 16889 [egg-mysql] connecting uae_dev@10.20.39.32:3306/UCOIN
2017-06-07 11:56:28,472 INFO 16889 [egg-static] starting static serve / -> /Users/Vayron/site/ucoin/admin/server/app/public
2017-06-07 11:56:28,477 INFO 16889 [egg-security] use csrf middleware
2017-06-07 11:56:28,482 INFO 16889 [egg-security] use methodnoallow middleware
2017-06-07 11:56:28,483 INFO 16889 [egg-security] use noopen middleware
2017-06-07 11:56:28,484 INFO 16889 [egg-security] use nosniff middleware
2017-06-07 11:56:28,485 INFO 16889 [egg-security] use xssProtection middleware
2017-06-07 11:56:28,486 INFO 16889 [egg-security] use xframe middleware
2017-06-07 11:56:28,486 INFO 16889 [egg-security] compose 6 middlewares into one security middleware
2017-06-07 11:56:28,598 INFO 16889 [egg-watcher:app] watcher start success
2017-06-07 11:56:28,655 INFO 16889 [egg-mysql] instance[0] status OK, rds currentTime: 2017-06-07 11:53:51
2017-06-07 11:56:28,657 INFO 16889 [egg-mysql] instance[1] status OK, rds currentTime: 2017-06-07 11:53:51
2017-06-07 15:14:31,033 WARN 16889 [ClusterClient:Watcher] follower closed, and try to init it again
2017-06-07 15:16:26,878 WARN 16889 [ClusterClient:Watcher] follower closed, and try to init it again
2017-06-07 16:34:11,187 WARN 16889 [ClusterClient:Watcher] follower closed, and try to init it again
2017-06-07 16:35:57,868 WARN 16889 [ClusterClient:Watcher] follower closed, and try to init it again
2017-06-07 17:10:54,537 INFO 21811 [egg:logger] init all loggers with options: {"dir":"/Users/Vayron/site/ucoin/admin/server/private/log","encoding":"utf8","env":"local","level":"INFO","consoleLevel":"INFO","outputJSON":false,"buffer":true,"appLogName":"ucoinadmin-web.log","coreLogName":"egg-web.log","agentLogName":"egg-agent.log","errorLogName":"common-error.log","coreLogger":{"consoleLevel":"WARN"},"type":"application"}
2017-06-07 17:10:54,537 INFO 21811 [nut] reading uae config: /Users/Vayron/site/ucoin/admin/server/conf/config.json
2017-06-07 17:10:55,066 INFO 21811 [egg-schedule]: register schedule egg-schedule:/Users/Vayron/site/ucoin/admin/server/node_modules/egg-logrotator/app/schedule/clean_log.js
2017-06-07 17:10:55,066 INFO 21811 [egg-schedule]: register schedule egg-schedule:/Users/Vayron/site/ucoin/admin/server/node_modules/egg-logrotator/app/schedule/rotate_by_file.js
2017-06-07 17:10:55,130 INFO 21811 [egg-mysql] connecting uae_dev@10.20.39.32:3306/UCOIN
2017-06-07 17:10:55,243 INFO 21811 [egg-mysql] connecting uae_dev@10.20.39.32:3306/UCOIN
2017-06-07 17:10:55,929 INFO 21811 [egg-static] starting static serve / -> /Users/Vayron/site/ucoin/admin/server/app/public
2017-06-07 17:10:55,932 INFO 21811 [egg-security] use csrf middleware
2017-06-07 17:10:55,935 INFO 21811 [egg-security] use methodnoallow middleware
2017-06-07 17:10:55,937 INFO 21811 [egg-security] use noopen middleware
2017-06-07 17:10:55,938 INFO 21811 [egg-security] use nosniff middleware
2017-06-07 17:10:55,939 INFO 21811 [egg-security] use xssProtection middleware
2017-06-07 17:10:55,940 INFO 21811 [egg-security] use xframe middleware
2017-06-07 17:10:55,940 INFO 21811 [egg-security] compose 6 middlewares into one security middleware
2017-06-07 17:10:56,031 INFO 21811 [egg-watcher:app] watcher start success
2017-06-07 17:10:56,089 INFO 21811 [egg-mysql] instance[0] status OK, rds currentTime: 2017-06-07 17:08:17
2017-06-07 17:10:56,090 INFO 21811 [egg-mysql] instance[1] status OK, rds currentTime: 2017-06-07 17:08:17
2017-06-07 17:10:59,147 INFO 21876 [egg:logger] init all loggers with options: {"dir":"/Users/Vayron/site/ucoin/admin/server/private/log","encoding":"utf8","env":"local","level":"INFO","consoleLevel":"INFO","outputJSON":false,"buffer":true,"appLogName":"ucoinadmin-web.log","coreLogName":"egg-web.log","agentLogName":"egg-agent.log","errorLogName":"common-error.log","coreLogger":{"consoleLevel":"WARN"},"type":"application"}
2017-06-07 17:10:59,148 INFO 21876 [nut] reading uae config: /Users/Vayron/site/ucoin/admin/server/conf/config.json
2017-06-07 17:10:59,572 INFO 21876 [egg-schedule]: register schedule egg-schedule:/Users/Vayron/site/ucoin/admin/server/node_modules/egg-logrotator/app/schedule/clean_log.js
2017-06-07 17:10:59,573 INFO 21876 [egg-schedule]: register schedule egg-schedule:/Users/Vayron/site/ucoin/admin/server/node_modules/egg-logrotator/app/schedule/rotate_by_file.js
2017-06-07 17:10:59,599 INFO 21876 [egg-mysql] connecting uae_dev@10.20.39.32:3306/UCOIN
2017-06-07 17:10:59,688 INFO 21876 [egg-mysql] connecting uae_dev@10.20.39.32:3306/UCOIN
2017-06-07 17:11:00,524 INFO 21876 [egg-static] starting static serve / -> /Users/Vayron/site/ucoin/admin/server/app/public
2017-06-07 17:11:00,529 INFO 21876 [egg-security] use csrf middleware
2017-06-07 17:11:00,532 INFO 21876 [egg-security] use methodnoallow middleware
2017-06-07 17:11:00,533 INFO 21876 [egg-security] use noopen middleware
2017-06-07 17:11:00,534 INFO 21876 [egg-security] use nosniff middleware
2017-06-07 17:11:00,536 INFO 21876 [egg-security] use xssProtection middleware
2017-06-07 17:11:00,538 INFO 21876 [egg-security] use xframe middleware
2017-06-07 17:11:00,538 INFO 21876 [egg-security] compose 6 middlewares into one security middleware
2017-06-07 17:11:00,703 INFO 21876 [egg-watcher:app] watcher start success
2017-06-07 17:11:00,811 INFO 21876 [egg-mysql] instance[0] status OK, rds currentTime: 2017-06-07 17:08:22
2017-06-07 17:11:00,812 INFO 21876 [egg-mysql] instance[1] status OK, rds currentTime: 2017-06-07 17:08:22
2017-06-07 17:22:43,948 INFO 22505 [egg:logger] init all loggers with options: {"dir":"/Users/Vayron/site/ucoin/admin/server/private/log","encoding":"utf8","env":"local","level":"INFO","consoleLevel":"INFO","outputJSON":false,"buffer":true,"appLogName":"ucoinadmin-web.log","coreLogName":"egg-web.log","agentLogName":"egg-agent.log","errorLogName":"common-error.log","coreLogger":{"consoleLevel":"WARN"},"type":"application"}
2017-06-07 17:22:43,948 INFO 22505 [nut] reading uae config: /Users/Vayron/site/ucoin/admin/server/conf/config.json
2017-06-07 17:22:44,412 INFO 22505 [egg-schedule]: register schedule egg-schedule:/Users/Vayron/site/ucoin/admin/server/node_modules/egg-logrotator/app/schedule/clean_log.js
2017-06-07 17:22:44,412 INFO 22505 [egg-schedule]: register schedule egg-schedule:/Users/Vayron/site/ucoin/admin/server/node_modules/egg-logrotator/app/schedule/rotate_by_file.js
2017-06-07 17:22:44,449 INFO 22505 [egg-mysql] connecting uae_dev@10.20.39.32:3306/UCOIN
2017-06-07 17:22:44,626 INFO 22505 [egg-mysql] connecting uae_dev@10.20.39.32:3306/UCOIN
2017-06-07 17:22:45,521 INFO 22505 [egg-static] starting static serve / -> /Users/Vayron/site/ucoin/admin/server/app/public
2017-06-07 17:22:45,527 INFO 22505 [egg-security] use csrf middleware
2017-06-07 17:22:45,533 INFO 22505 [egg-security] use methodnoallow middleware
2017-06-07 17:22:45,534 INFO 22505 [egg-security] use noopen middleware
2017-06-07 17:22:45,535 INFO 22505 [egg-security] use nosniff middleware
2017-06-07 17:22:45,536 INFO 22505 [egg-security] use xssProtection middleware
2017-06-07 17:22:45,537 INFO 22505 [egg-security] use xframe middleware
2017-06-07 17:22:45,537 INFO 22505 [egg-security] compose 6 middlewares into one security middleware
2017-06-07 17:22:45,675 INFO 22505 [egg-watcher:app] watcher start success
2017-06-07 17:22:45,866 INFO 22505 [egg-mysql] instance[0] status OK, rds currentTime: 2017-06-07 17:20:07
2017-06-07 17:22:45,869 INFO 22505 [egg-mysql] instance[1] status OK, rds currentTime: 2017-06-07 17:20:07
2017-06-07 19:00:43,851 WARN 22505 [ClusterClient:Watcher] follower closed, and try to init it again
2017-06-07 19:02:30,010 WARN 22505 [ClusterClient:Watcher] follower closed, and try to init it again
2017-06-07 21:48:18,752 INFO 27808 [egg:logger] init all loggers with options: {"dir":"/Users/Vayron/site/ucoin/admin/server/private/log","encoding":"utf8","env":"local","level":"INFO","consoleLevel":"INFO","outputJSON":false,"buffer":true,"appLogName":"ucoinadmin-web.log","coreLogName":"egg-web.log","agentLogName":"egg-agent.log","errorLogName":"common-error.log","coreLogger":{"consoleLevel":"WARN"},"type":"application"}
2017-06-07 21:48:18,752 INFO 27808 [nut] reading uae config: /Users/Vayron/site/ucoin/admin/server/conf/config.json
2017-06-07 21:48:19,324 INFO 27808 [egg-schedule]: register schedule egg-schedule:/Users/Vayron/site/ucoin/admin/server/node_modules/egg-logrotator/app/schedule/clean_log.js
2017-06-07 21:48:19,324 INFO 27808 [egg-schedule]: register schedule egg-schedule:/Users/Vayron/site/ucoin/admin/server/node_modules/egg-logrotator/app/schedule/rotate_by_file.js
2017-06-07 21:48:19,365 INFO 27808 [egg-mysql] connecting uae_dev@10.20.39.32:3306/UCOIN
2017-06-07 21:48:19,457 INFO 27808 [egg-mysql] connecting uae_dev@10.20.39.32:3306/UCOIN
2017-06-07 21:48:20,775 INFO 27808 [egg-static] starting static serve / -> /Users/Vayron/site/ucoin/admin/server/app/public
2017-06-07 21:48:20,786 INFO 27808 [egg-security] use csrf middleware
2017-06-07 21:48:20,810 INFO 27808 [egg-security] use methodnoallow middleware
2017-06-07 21:48:20,816 INFO 27808 [egg-security] use noopen middleware
2017-06-07 21:48:20,821 INFO 27808 [egg-security] use nosniff middleware
2017-06-07 21:48:20,823 INFO 27808 [egg-security] use xssProtection middleware
2017-06-07 21:48:20,826 INFO 27808 [egg-security] use xframe middleware
2017-06-07 21:48:20,826 INFO 27808 [egg-security] compose 6 middlewares into one security middleware
2017-06-07 21:48:21,191 INFO 27808 [egg-watcher:app] watcher start success
2017-06-07 21:48:21,239 INFO 27808 [egg-mysql] instance[0] status OK, rds currentTime: 2017-06-07 21:45:42
2017-06-07 21:48:21,242 INFO 27808 [egg-mysql] instance[1] status OK, rds currentTime: 2017-06-07 21:45:42
2017-06-08 20:07:30,863 INFO 55970 [egg:logger] init all loggers with options: {"dir":"/Users/Vayron/site/ucoin/admin/server/private/log","encoding":"utf8","env":"local","level":"INFO","consoleLevel":"INFO","outputJSON":false,"buffer":true,"appLogName":"ucoinadmin-web.log","coreLogName":"egg-web.log","agentLogName":"egg-agent.log","errorLogName":"common-error.log","coreLogger":{"consoleLevel":"WARN"},"type":"application"}
2017-06-08 20:07:30,863 INFO 55970 [nut] reading uae config: /Users/Vayron/site/ucoin/admin/server/conf/config.json
2017-06-08 20:07:31,342 INFO 55970 [egg-schedule]: register schedule egg-schedule:/Users/Vayron/site/ucoin/admin/server/node_modules/egg-logrotator/app/schedule/clean_log.js
2017-06-08 20:07:31,342 INFO 55970 [egg-schedule]: register schedule egg-schedule:/Users/Vayron/site/ucoin/admin/server/node_modules/egg-logrotator/app/schedule/rotate_by_file.js
2017-06-08 20:07:31,373 INFO 55970 [egg-mysql] connecting uae_dev@10.20.39.32:3306/UCOIN
2017-06-08 20:07:31,453 INFO 55970 [egg-mysql] connecting uae_dev@10.20.39.32:3306/UCOIN
2017-06-08 20:07:32,057 INFO 55970 [egg-static] starting static serve / -> /Users/Vayron/site/ucoin/admin/server/app/public
2017-06-08 20:07:32,061 INFO 55970 [egg-security] use csrf middleware
2017-06-08 20:07:32,064 INFO 55970 [egg-security] use methodnoallow middleware
2017-06-08 20:07:32,065 INFO 55970 [egg-security] use noopen middleware
2017-06-08 20:07:32,066 INFO 55970 [egg-security] use nosniff middleware
2017-06-08 20:07:32,066 INFO 55970 [egg-security] use xssProtection middleware
2017-06-08 20:07:32,067 INFO 55970 [egg-security] use xframe middleware
2017-06-08 20:07:32,067 INFO 55970 [egg-security] compose 6 middlewares into one security middleware
2017-06-08 20:07:32,210 INFO 55970 [egg-watcher:app] watcher start success
2017-06-08 20:07:32,259 INFO 55970 [egg-mysql] instance[0] status OK, rds currentTime: 2017-06-08 20:04:50
2017-06-08 20:07:32,260 INFO 55970 [egg-mysql] instance[1] status OK, rds currentTime: 2017-06-08 20:04:50
2017-06-08 20:10:10,788 INFO 56006 [egg:logger] init all loggers with options: {"dir":"/Users/Vayron/site/ucoin/admin/server/private/log","encoding":"utf8","env":"local","level":"INFO","consoleLevel":"INFO","outputJSON":false,"buffer":true,"appLogName":"ucoinadmin-web.log","coreLogName":"egg-web.log","agentLogName":"egg-agent.log","errorLogName":"common-error.log","coreLogger":{"consoleLevel":"WARN"},"type":"application"}
2017-06-08 20:10:10,788 INFO 56006 [nut] reading uae config: /Users/Vayron/site/ucoin/admin/server/conf/config.json
2017-06-08 20:10:11,250 INFO 56006 [egg-schedule]: register schedule egg-schedule:/Users/Vayron/site/ucoin/admin/server/node_modules/egg-logrotator/app/schedule/clean_log.js
2017-06-08 20:10:11,250 INFO 56006 [egg-schedule]: register schedule egg-schedule:/Users/Vayron/site/ucoin/admin/server/node_modules/egg-logrotator/app/schedule/rotate_by_file.js
2017-06-08 20:10:11,286 INFO 56006 [egg-mysql] connecting uae_dev@10.20.39.32:3306/UCOIN
2017-06-08 20:10:11,378 INFO 56006 [egg-mysql] connecting uae_dev@10.20.39.32:3306/UCOIN
2017-06-08 20:10:11,970 INFO 56006 [egg-static] starting static serve / -> /Users/Vayron/site/ucoin/admin/server/app/public
2017-06-08 20:10:11,975 INFO 56006 [egg-security] use csrf middleware
2017-06-08 20:10:11,977 INFO 56006 [egg-security] use methodnoallow middleware
2017-06-08 20:10:11,978 INFO 56006 [egg-security] use noopen middleware
2017-06-08 20:10:11,980 INFO 56006 [egg-security] use nosniff middleware
2017-06-08 20:10:11,982 INFO 56006 [egg-security] use xssProtection middleware
2017-06-08 20:10:11,986 INFO 56006 [egg-security] use xframe middleware
2017-06-08 20:10:11,986 INFO 56006 [egg-security] compose 6 middlewares into one security middleware
2017-06-08 20:10:12,264 INFO 56006 [egg-watcher:app] watcher start success
2017-06-08 20:10:12,350 INFO 56006 [egg-mysql] instance[0] status OK, rds currentTime: 2017-06-08 20:07:30
2017-06-08 20:10:12,351 INFO 56006 [egg-mysql] instance[1] status OK, rds currentTime: 2017-06-08 20:07:30
2017-06-08 20:11:09,852 INFO 56024 [egg:logger] init all loggers with options: {"dir":"/Users/Vayron/site/ucoin/admin/server/private/log","encoding":"utf8","env":"local","level":"INFO","consoleLevel":"INFO","outputJSON":false,"buffer":true,"appLogName":"ucoinadmin-web.log","coreLogName":"egg-web.log","agentLogName":"egg-agent.log","errorLogName":"common-error.log","coreLogger":{"consoleLevel":"WARN"},"type":"application"}
2017-06-08 20:11:09,852 INFO 56024 [nut] reading uae config: /Users/Vayron/site/ucoin/admin/server/conf/config.json
2017-06-08 20:11:10,279 INFO 56024 [egg-schedule]: register schedule egg-schedule:/Users/Vayron/site/ucoin/admin/server/node_modules/egg-logrotator/app/schedule/clean_log.js
2017-06-08 20:11:10,279 INFO 56024 [egg-schedule]: register schedule egg-schedule:/Users/Vayron/site/ucoin/admin/server/node_modules/egg-logrotator/app/schedule/rotate_by_file.js
2017-06-08 20:11:10,317 INFO 56024 [egg-mysql] connecting uae_dev@10.20.39.32:3306/UCOIN
2017-06-08 20:11:10,403 INFO 56024 [egg-mysql] connecting uae_dev@10.20.39.32:3306/UCOIN
2017-06-08 20:11:10,892 INFO 56024 [egg-static] starting static serve / -> /Users/Vayron/site/ucoin/admin/server/app/public
2017-06-08 20:11:10,895 INFO 56024 [egg-security] use csrf middleware
2017-06-08 20:11:10,898 INFO 56024 [egg-security] use methodnoallow middleware
2017-06-08 20:11:10,899 INFO 56024 [egg-security] use noopen middleware
2017-06-08 20:11:10,900 INFO 56024 [egg-security] use nosniff middleware
2017-06-08 20:11:10,900 INFO 56024 [egg-security] use xssProtection middleware
2017-06-08 20:11:10,901 INFO 56024 [egg-security] use xframe middleware
2017-06-08 20:11:10,901 INFO 56024 [egg-security] compose 6 middlewares into one security middleware
2017-06-08 20:11:11,045 INFO 56024 [egg-watcher:app] watcher start success
2017-06-08 20:11:11,155 INFO 56024 [egg-mysql] instance[0] status OK, rds currentTime: 2017-06-08 20:08:29
2017-06-08 20:11:11,158 INFO 56024 [egg-mysql] instance[1] status OK, rds currentTime: 2017-06-08 20:08:29
2017-06-08 20:11:31,663 INFO 56032 [egg:logger] init all loggers with options: {"dir":"/Users/Vayron/site/ucoin/admin/server/private/log","encoding":"utf8","env":"local","level":"INFO","consoleLevel":"INFO","outputJSON":false,"buffer":true,"appLogName":"ucoinadmin-web.log","coreLogName":"egg-web.log","agentLogName":"egg-agent.log","errorLogName":"common-error.log","coreLogger":{"consoleLevel":"WARN"},"type":"application"}
2017-06-08 20:11:31,663 INFO 56032 [nut] reading uae config: /Users/Vayron/site/ucoin/admin/server/conf/config.json
2017-06-08 20:11:32,079 INFO 56032 [egg-schedule]: register schedule egg-schedule:/Users/Vayron/site/ucoin/admin/server/node_modules/egg-logrotator/app/schedule/clean_log.js
2017-06-08 20:11:32,080 INFO 56032 [egg-schedule]: register schedule egg-schedule:/Users/Vayron/site/ucoin/admin/server/node_modules/egg-logrotator/app/schedule/rotate_by_file.js
2017-06-08 20:11:32,111 INFO 56032 [egg-mysql] connecting uae_dev@10.20.39.32:3306/UCOIN
2017-06-08 20:11:32,185 INFO 56032 [egg-mysql] connecting uae_dev@10.20.39.32:3306/UCOIN
2017-06-08 20:11:32,743 INFO 56032 [egg-static] starting static serve / -> /Users/Vayron/site/ucoin/admin/server/app/public
2017-06-08 20:11:32,746 INFO 56032 [egg-security] use csrf middleware
2017-06-08 20:11:32,749 INFO 56032 [egg-security] use methodnoallow middleware
2017-06-08 20:11:32,749 INFO 56032 [egg-security] use noopen middleware
2017-06-08 20:11:32,750 INFO 56032 [egg-security] use nosniff middleware
2017-06-08 20:11:32,751 INFO 56032 [egg-security] use xssProtection middleware
2017-06-08 20:11:32,752 INFO 56032 [egg-security] use xframe middleware
2017-06-08 20:11:32,752 INFO 56032 [egg-security] compose 6 middlewares into one security middleware
2017-06-08 20:11:32,850 INFO 56032 [egg-watcher:app] watcher start success
2017-06-08 20:11:32,949 INFO 56032 [egg-mysql] instance[0] status OK, rds currentTime: 2017-06-08 20:08:50
2017-06-08 20:11:32,950 INFO 56032 [egg-mysql] instance[1] status OK, rds currentTime: 2017-06-08 20:08:50
2017-06-08 21:22:28,833 INFO 57423 [egg:logger] init all loggers with options: {"dir":"/Users/Vayron/site/ucoin/admin/server/private/log","encoding":"utf8","env":"local","level":"INFO","consoleLevel":"INFO","outputJSON":false,"buffer":true,"appLogName":"ucoinadmin-web.log","coreLogName":"egg-web.log","agentLogName":"egg-agent.log","errorLogName":"common-error.log","coreLogger":{"consoleLevel":"WARN"},"type":"application"}
2017-06-08 21:22:28,834 INFO 57423 [nut] reading uae config: /Users/Vayron/site/ucoin/admin/server/conf/config.json
2017-06-08 21:22:29,255 INFO 57423 [egg-schedule]: register schedule egg-schedule:/Users/Vayron/site/ucoin/admin/server/node_modules/egg-logrotator/app/schedule/clean_log.js
2017-06-08 21:22:29,255 INFO 57423 [egg-schedule]: register schedule egg-schedule:/Users/Vayron/site/ucoin/admin/server/node_modules/egg-logrotator/app/schedule/rotate_by_file.js
2017-06-08 21:22:29,288 INFO 57423 [egg-mysql] connecting uae_dev@10.20.39.32:3306/UCOIN
2017-06-08 21:22:29,373 INFO 57423 [egg-mysql] connecting uae_dev@10.20.39.32:3306/UCOIN
2017-06-08 21:22:30,133 INFO 57423 [egg-static] starting static serve / -> /Users/Vayron/site/ucoin/admin/server/app/public
2017-06-08 21:22:30,138 INFO 57423 [egg-security] use csrf middleware
2017-06-08 21:22:30,142 INFO 57423 [egg-security] use methodnoallow middleware
2017-06-08 21:22:30,143 INFO 57423 [egg-security] use noopen middleware
2017-06-08 21:22:30,145 INFO 57423 [egg-security] use nosniff middleware
2017-06-08 21:22:30,146 INFO 57423 [egg-security] use xssProtection middleware
2017-06-08 21:22:30,148 INFO 57423 [egg-security] use xframe middleware
2017-06-08 21:22:30,148 INFO 57423 [egg-security] compose 6 middlewares into one security middleware
2017-06-08 21:22:30,295 INFO 57423 [egg-watcher:app] watcher start success
2017-06-08 21:22:30,349 INFO 57423 [egg-mysql] instance[0] status OK, rds currentTime: 2017-06-08 21:19:48
2017-06-08 21:22:30,354 INFO 57423 [egg-mysql] instance[1] status OK, rds currentTime: 2017-06-08 21:19:48
2017-06-09 18:12:51,738 INFO 5306 [egg:logger] init all loggers with options: {"dir":"/Users/Vayron/site/ucoin/admin/server/private/log","encoding":"utf8","env":"local","level":"INFO","consoleLevel":"INFO","outputJSON":false,"buffer":true,"appLogName":"ucoinadmin-web.log","coreLogName":"egg-web.log","agentLogName":"egg-agent.log","errorLogName":"common-error.log","coreLogger":{"consoleLevel":"WARN"},"type":"application"}
2017-06-09 18:12:51,738 INFO 5306 [nut] reading uae config: /Users/Vayron/site/ucoin/admin/server/conf/config.json
2017-06-09 18:12:52,249 INFO 5306 [egg-schedule]: register schedule egg-schedule:/Users/Vayron/site/ucoin/admin/server/node_modules/egg-logrotator/app/schedule/clean_log.js
2017-06-09 18:12:52,249 INFO 5306 [egg-schedule]: register schedule egg-schedule:/Users/Vayron/site/ucoin/admin/server/node_modules/egg-logrotator/app/schedule/rotate_by_file.js
2017-06-09 18:12:52,292 INFO 5306 [egg-mysql] connecting uae_dev@10.20.39.32:3306/UCOIN
2017-06-09 18:12:52,401 INFO 5306 [egg-mysql] connecting uae_dev@10.20.39.32:3306/UCOIN
2017-06-09 18:12:53,114 INFO 5306 [egg-static] starting static serve / -> /Users/Vayron/site/ucoin/admin/server/app/public
2017-06-09 18:12:53,119 INFO 5306 [egg-security] use csrf middleware
2017-06-09 18:12:53,123 INFO 5306 [egg-security] use methodnoallow middleware
2017-06-09 18:12:53,125 INFO 5306 [egg-security] use noopen middleware
2017-06-09 18:12:53,126 INFO 5306 [egg-security] use nosniff middleware
2017-06-09 18:12:53,129 INFO 5306 [egg-security] use xssProtection middleware
2017-06-09 18:12:53,130 INFO 5306 [egg-security] use xframe middleware
2017-06-09 18:12:53,130 INFO 5306 [egg-security] compose 6 middlewares into one security middleware
2017-06-09 18:12:53,258 INFO 5306 [egg-watcher:app] watcher start success
2017-06-09 18:12:53,399 INFO 5306 [egg-mysql] instance[0] status OK, rds currentTime: 2017-06-09 18:10:07
2017-06-09 18:12:53,400 INFO 5306 [egg-mysql] instance[1] status OK, rds currentTime: 2017-06-09 18:10:07
2017-06-09 18:13:37,297 INFO 5331 [egg:logger] init all loggers with options: {"dir":"/Users/Vayron/site/ucoin/admin/server/private/log","encoding":"utf8","env":"local","level":"INFO","consoleLevel":"INFO","outputJSON":false,"buffer":true,"appLogName":"ucoinadmin-web.log","coreLogName":"egg-web.log","agentLogName":"egg-agent.log","errorLogName":"common-error.log","coreLogger":{"consoleLevel":"WARN"},"type":"application"}
2017-06-09 18:13:37,297 INFO 5331 [nut] reading uae config: /Users/Vayron/site/ucoin/admin/server/conf/config.json
2017-06-09 18:13:37,817 INFO 5331 [egg-schedule]: register schedule egg-schedule:/Users/Vayron/site/ucoin/admin/server/node_modules/egg-logrotator/app/schedule/clean_log.js
2017-06-09 18:13:37,818 INFO 5331 [egg-schedule]: register schedule egg-schedule:/Users/Vayron/site/ucoin/admin/server/node_modules/egg-logrotator/app/schedule/rotate_by_file.js
2017-06-09 18:13:37,856 INFO 5331 [egg-mysql] connecting uae_dev@10.20.39.32:3306/UCOIN
2017-06-09 18:13:37,975 INFO 5331 [egg-mysql] connecting uae_dev@10.20.39.32:3306/UCOIN
2017-06-09 18:13:38,800 INFO 5331 [egg-static] starting static serve / -> /Users/Vayron/site/ucoin/admin/server/app/public
2017-06-09 18:13:38,811 INFO 5331 [egg-security] use csrf middleware
2017-06-09 18:13:38,821 INFO 5331 [egg-security] use methodnoallow middleware
2017-06-09 18:13:38,822 INFO 5331 [egg-security] use noopen middleware
2017-06-09 18:13:38,824 INFO 5331 [egg-security] use nosniff middleware
2017-06-09 18:13:38,827 INFO 5331 [egg-security] use xssProtection middleware
2017-06-09 18:13:38,828 INFO 5331 [egg-security] use xframe middleware
2017-06-09 18:13:38,829 INFO 5331 [egg-security] compose 6 middlewares into one security middleware
2017-06-09 18:13:39,115 INFO 5331 [egg-watcher:app] watcher start success
2017-06-09 18:13:39,186 INFO 5331 [egg-mysql] instance[0] status OK, rds currentTime: 2017-06-09 18:10:53
2017-06-09 18:13:39,190 INFO 5331 [egg-mysql] instance[1] status OK, rds currentTime: 2017-06-09 18:10:53
2017-06-09 21:46:26,884 INFO 8561 [egg:logger] init all loggers with options: {"dir":"/Users/Vayron/site/ucoin/admin/server/private/log","encoding":"utf8","env":"local","level":"INFO","consoleLevel":"INFO","outputJSON":false,"buffer":true,"appLogName":"ucoinadmin-web.log","coreLogName":"egg-web.log","agentLogName":"egg-agent.log","errorLogName":"common-error.log","coreLogger":{"consoleLevel":"WARN"},"type":"application"}
2017-06-09 21:46:26,884 INFO 8561 [nut] reading uae config: /Users/Vayron/site/ucoin/admin/server/conf/config.json
2017-06-09 21:46:27,596 INFO 8561 [egg-schedule]: register schedule egg-schedule:/Users/Vayron/site/ucoin/admin/server/node_modules/egg-logrotator/app/schedule/clean_log.js
2017-06-09 21:46:27,596 INFO 8561 [egg-schedule]: register schedule egg-schedule:/Users/Vayron/site/ucoin/admin/server/node_modules/egg-logrotator/app/schedule/rotate_by_file.js
2017-06-09 21:46:27,634 INFO 8561 [egg-mysql] connecting uae_dev@10.20.39.32:3306/UCOIN
2017-06-09 21:46:27,842 INFO 8561 [egg-mysql] connecting uae_dev@10.20.39.32:3306/UCOIN
2017-06-09 21:46:28,575 INFO 8561 [egg-static] starting static serve / -> /Users/Vayron/site/ucoin/admin/server/app/public
2017-06-09 21:46:28,582 INFO 8561 [egg-security] use csrf middleware
2017-06-09 21:46:28,585 INFO 8561 [egg-security] use methodnoallow middleware
2017-06-09 21:46:28,587 INFO 8561 [egg-security] use noopen middleware
2017-06-09 21:46:28,588 INFO 8561 [egg-security] use nosniff middleware
2017-06-09 21:46:28,589 INFO 8561 [egg-security] use xssProtection middleware
2017-06-09 21:46:28,591 INFO 8561 [egg-security] use xframe middleware
2017-06-09 21:46:28,591 INFO 8561 [egg-security] compose 6 middlewares into one security middleware
2017-06-09 21:46:28,767 INFO 8561 [egg-watcher:app] watcher start success
2017-06-09 21:46:28,818 INFO 8561 [egg-mysql] instance[0] status OK, rds currentTime: 2017-06-09 21:43:42
2017-06-09 21:46:28,820 INFO 8561 [egg-mysql] instance[1] status OK, rds currentTime: 2017-06-09 21:43:42
2017-06-09 22:19:40,126 INFO 9780 [egg:logger] init all loggers with options: {"dir":"/Users/Vayron/site/ucoin/admin/server/private/log","encoding":"utf8","env":"local","level":"INFO","consoleLevel":"INFO","outputJSON":false,"buffer":true,"appLogName":"ucoinadmin-web.log","coreLogName":"egg-web.log","agentLogName":"egg-agent.log","errorLogName":"common-error.log","coreLogger":{"consoleLevel":"WARN"},"type":"application"}
2017-06-09 22:19:40,127 INFO 9780 [nut] reading uae config: /Users/Vayron/site/ucoin/admin/server/conf/config.json
2017-06-09 22:19:40,689 INFO 9780 [egg-schedule]: register schedule egg-schedule:/Users/Vayron/site/ucoin/admin/server/node_modules/egg-logrotator/app/schedule/clean_log.js
2017-06-09 22:19:40,689 INFO 9780 [egg-schedule]: register schedule egg-schedule:/Users/Vayron/site/ucoin/admin/server/node_modules/egg-logrotator/app/schedule/rotate_by_file.js
2017-06-09 22:19:40,728 INFO 9780 [egg-mysql] connecting uae_dev@10.20.39.32:3306/UCOIN
2017-06-09 22:19:40,810 INFO 9780 [egg-mysql] connecting uae_dev@10.20.39.32:3306/UCOIN
2017-06-09 22:19:41,256 INFO 9780 [egg-static] starting static serve / -> /Users/Vayron/site/ucoin/admin/server/app/public
2017-06-09 22:19:41,259 INFO 9780 [egg-security] use csrf middleware
2017-06-09 22:19:41,261 INFO 9780 [egg-security] use methodnoallow middleware
2017-06-09 22:19:41,262 INFO 9780 [egg-security] use noopen middleware
2017-06-09 22:19:41,262 INFO 9780 [egg-security] use nosniff middleware
2017-06-09 22:19:41,263 INFO 9780 [egg-security] use xssProtection middleware
2017-06-09 22:19:41,264 INFO 9780 [egg-security] use xframe middleware
2017-06-09 22:19:41,264 INFO 9780 [egg-security] compose 6 middlewares into one security middleware
2017-06-09 22:19:41,343 INFO 9780 [egg-watcher:app] watcher start success
2017-06-09 22:19:41,400 INFO 9780 [egg-mysql] instance[0] status OK, rds currentTime: 2017-06-09 22:16:55
2017-06-09 22:19:41,401 INFO 9780 [egg-mysql] instance[1] status OK, rds currentTime: 2017-06-09 22:16:55
2017-06-09 23:30:35,854 WARN 9780 [ClusterClient:Watcher] follower closed, and try to init it again
2017-06-10 01:44:03,854 WARN 9780 [ClusterClient:Watcher] follower closed, and try to init it again
2017-06-12 10:32:43,101 INFO 33035 [egg:logger] init all loggers with options: {"dir":"/Users/Vayron/site/ucoin/admin/server/private/log","encoding":"utf8","env":"local","level":"INFO","consoleLevel":"INFO","outputJSON":false,"buffer":true,"appLogName":"ucoinadmin-web.log","coreLogName":"egg-web.log","agentLogName":"egg-agent.log","errorLogName":"common-error.log","coreLogger":{"consoleLevel":"WARN"},"type":"application"}
2017-06-12 10:32:43,102 INFO 33035 [nut] reading uae config: /Users/Vayron/site/ucoin/admin/server/conf/config.json
2017-06-12 10:32:43,517 INFO 33035 [egg-schedule]: register schedule egg-schedule:/Users/Vayron/site/ucoin/admin/server/node_modules/egg-logrotator/app/schedule/clean_log.js
2017-06-12 10:32:43,517 INFO 33035 [egg-schedule]: register schedule egg-schedule:/Users/Vayron/site/ucoin/admin/server/node_modules/egg-logrotator/app/schedule/rotate_by_file.js
2017-06-12 10:32:43,549 INFO 33035 [egg-mysql] connecting uae_dev@10.20.39.32:3306/UCOIN
2017-06-12 10:32:43,637 INFO 33035 [egg-mysql] connecting uae_dev@10.20.39.32:3306/UCOIN
2017-06-12 10:32:44,168 INFO 33035 [egg-static] starting static serve / -> /Users/Vayron/site/ucoin/admin/server/app/public
2017-06-12 10:32:44,171 INFO 33035 [egg-security] use csrf middleware
2017-06-12 10:32:44,174 INFO 33035 [egg-security] use methodnoallow middleware
2017-06-12 10:32:44,175 INFO 33035 [egg-security] use noopen middleware
2017-06-12 10:32:44,176 INFO 33035 [egg-security] use nosniff middleware
2017-06-12 10:32:44,176 INFO 33035 [egg-security] use xssProtection middleware
2017-06-12 10:32:44,177 INFO 33035 [egg-security] use xframe middleware
2017-06-12 10:32:44,177 INFO 33035 [egg-security] compose 6 middlewares into one security middleware
2017-06-12 10:32:44,257 INFO 33035 [egg-watcher:app] watcher start success
2017-06-12 10:32:44,310 INFO 33035 [egg-mysql] instance[0] status OK, rds currentTime: 2017-06-12 10:29:49
2017-06-12 10:32:44,311 INFO 33035 [egg-mysql] instance[1] status OK, rds currentTime: 2017-06-12 10:29:49
2017-06-12 11:23:17,911 INFO 34478 [egg:logger] init all loggers with options: {"dir":"/Users/Vayron/site/ucoin/admin/server/private/log","encoding":"utf8","env":"local","level":"INFO","consoleLevel":"INFO","outputJSON":false,"buffer":true,"appLogName":"ucoinadmin-web.log","coreLogName":"egg-web.log","agentLogName":"egg-agent.log","errorLogName":"common-error.log","coreLogger":{"consoleLevel":"WARN"},"type":"application"}
2017-06-12 11:23:17,912 INFO 34478 [nut] reading uae config: /Users/Vayron/site/ucoin/admin/server/conf/config.json
2017-06-12 11:23:18,345 INFO 34478 [egg-schedule]: register schedule egg-schedule:/Users/Vayron/site/ucoin/admin/server/node_modules/egg-logrotator/app/schedule/clean_log.js
2017-06-12 11:23:18,345 INFO 34478 [egg-schedule]: register schedule egg-schedule:/Users/Vayron/site/ucoin/admin/server/node_modules/egg-logrotator/app/schedule/rotate_by_file.js
2017-06-12 11:23:18,382 INFO 34478 [egg-mysql] connecting uae_dev@10.20.39.32:3306/UCOIN
2017-06-12 11:23:18,462 INFO 34478 [egg-mysql] connecting uae_dev@10.20.39.32:3306/UCOIN
2017-06-12 11:23:18,968 INFO 34478 [egg-static] starting static serve / -> /Users/Vayron/site/ucoin/admin/server/app/public
2017-06-12 11:23:18,972 INFO 34478 [egg-security] use csrf middleware
2017-06-12 11:23:18,974 INFO 34478 [egg-security] use methodnoallow middleware
2017-06-12 11:23:18,975 INFO 34478 [egg-security] use noopen middleware
2017-06-12 11:23:18,976 INFO 34478 [egg-security] use nosniff middleware
2017-06-12 11:23:18,977 INFO 34478 [egg-security] use xssProtection middleware
2017-06-12 11:23:18,978 INFO 34478 [egg-security] use xframe middleware
2017-06-12 11:23:18,978 INFO 34478 [egg-security] compose 6 middlewares into one security middleware
2017-06-12 11:23:19,061 INFO 34478 [egg-watcher:app] watcher start success
2017-06-12 11:23:19,123 INFO 34478 [egg-mysql] instance[0] status OK, rds currentTime: 2017-06-12 11:20:24
2017-06-12 11:23:19,124 INFO 34478 [egg-mysql] instance[1] status OK, rds currentTime: 2017-06-12 11:20:24
2017-06-12 13:18:23,513 WARN 34478 [ClusterClient:Watcher] follower closed, and try to init it again
2017-06-12 13:56:57,817 INFO 36532 [egg:logger] init all loggers with options: {"dir":"/Users/Vayron/site/ucoin/admin/server/private/log","encoding":"utf8","env":"local","level":"INFO","consoleLevel":"INFO","outputJSON":false,"buffer":true,"appLogName":"ucoinadmin-web.log","coreLogName":"egg-web.log","agentLogName":"egg-agent.log","errorLogName":"common-error.log","coreLogger":{"consoleLevel":"WARN"},"type":"application"}
2017-06-12 13:56:57,817 INFO 36532 [nut] reading uae config: /Users/Vayron/site/ucoin/admin/server/conf/config.json
2017-06-12 13:56:58,303 INFO 36532 [egg-schedule]: register schedule egg-schedule:/Users/Vayron/site/ucoin/admin/server/node_modules/egg-logrotator/app/schedule/clean_log.js
2017-06-12 13:56:58,303 INFO 36532 [egg-schedule]: register schedule egg-schedule:/Users/Vayron/site/ucoin/admin/server/node_modules/egg-logrotator/app/schedule/rotate_by_file.js
2017-06-12 13:56:58,332 INFO 36532 [egg-mysql] connecting uae_dev@10.20.39.32:3306/UCOIN
2017-06-12 13:56:58,414 INFO 36532 [egg-mysql] connecting uae_dev@10.20.39.32:3306/UCOIN
2017-06-12 13:56:58,957 INFO 36532 [egg-static] starting static serve / -> /Users/Vayron/site/ucoin/admin/server/app/public
2017-06-12 13:56:58,961 INFO 36532 [egg-security] use csrf middleware
2017-06-12 13:56:58,963 INFO 36532 [egg-security] use methodnoallow middleware
2017-06-12 13:56:58,964 INFO 36532 [egg-security] use noopen middleware
2017-06-12 13:56:58,965 INFO 36532 [egg-security] use nosniff middleware
2017-06-12 13:56:58,965 INFO 36532 [egg-security] use xssProtection middleware
2017-06-12 13:56:58,966 INFO 36532 [egg-security] use xframe middleware
2017-06-12 13:56:58,966 INFO 36532 [egg-security] compose 6 middlewares into one security middleware
2017-06-12 13:56:59,080 INFO 36532 [egg-watcher:app] watcher start success
2017-06-12 13:56:59,148 INFO 36532 [egg-mysql] instance[0] status OK, rds currentTime: 2017-06-12 13:54:03
2017-06-12 13:56:59,148 INFO 36532 [egg-mysql] instance[1] status OK, rds currentTime: 2017-06-12 13:54:03
2017-06-12 14:16:05,657 INFO 36838 [egg:logger] init all loggers with options: {"dir":"/Users/Vayron/site/ucoin/admin/server/private/log","encoding":"utf8","env":"local","level":"INFO","consoleLevel":"INFO","outputJSON":false,"buffer":true,"appLogName":"ucoinadmin-web.log","coreLogName":"egg-web.log","agentLogName":"egg-agent.log","errorLogName":"common-error.log","coreLogger":{"consoleLevel":"WARN"},"type":"application"}
2017-06-12 14:16:05,658 INFO 36838 [nut] reading uae config: /Users/Vayron/site/ucoin/admin/server/conf/config.json
2017-06-12 14:16:06,559 INFO 36838 [egg-schedule]: register schedule egg-schedule:/Users/Vayron/site/ucoin/admin/server/node_modules/egg-logrotator/app/schedule/clean_log.js
2017-06-12 14:16:06,559 INFO 36838 [egg-schedule]: register schedule egg-schedule:/Users/Vayron/site/ucoin/admin/server/node_modules/egg-logrotator/app/schedule/rotate_by_file.js
2017-06-12 14:16:06,616 INFO 36838 [egg-mysql] connecting uae_dev@10.20.39.32:3306/UCOIN
2017-06-12 14:16:06,748 INFO 36838 [egg-mysql] connecting uae_dev@10.20.39.32:3306/UCOIN
2017-06-12 14:16:07,325 INFO 36838 [egg-static] starting static serve / -> /Users/Vayron/site/ucoin/admin/server/app/public
2017-06-12 14:16:07,328 INFO 36838 [egg-security] use csrf middleware
2017-06-12 14:16:07,331 INFO 36838 [egg-security] use methodnoallow middleware
2017-06-12 14:16:07,332 INFO 36838 [egg-security] use noopen middleware
2017-06-12 14:16:07,333 INFO 36838 [egg-security] use nosniff middleware
2017-06-12 14:16:07,333 INFO 36838 [egg-security] use xssProtection middleware
2017-06-12 14:16:07,334 INFO 36838 [egg-security] use xframe middleware
2017-06-12 14:16:07,334 INFO 36838 [egg-security] compose 6 middlewares into one security middleware
2017-06-12 14:16:07,437 INFO 36838 [egg-watcher:app] watcher start success
2017-06-12 14:16:07,511 INFO 36838 [egg-mysql] instance[0] status OK, rds currentTime: 2017-06-12 14:13:11
2017-06-12 14:16:07,512 INFO 36838 [egg-mysql] instance[1] status OK, rds currentTime: 2017-06-12 14:13:11
2017-06-12 14:16:08,476 INFO 36840 [egg:logger] init all loggers with options: {"dir":"/Users/Vayron/site/ucoin/admin/server/private/log","encoding":"utf8","env":"local","level":"INFO","consoleLevel":"INFO","outputJSON":false,"buffer":true,"appLogName":"ucoinadmin-web.log","coreLogName":"egg-web.log","agentLogName":"egg-agent.log","errorLogName":"common-error.log","coreLogger":{"consoleLevel":"WARN"},"type":"application"}
2017-06-12 14:16:08,476 INFO 36840 [nut] reading uae config: /Users/Vayron/site/ucoin/admin/server/conf/config.json
2017-06-12 14:16:08,850 INFO 36840 [egg-schedule]: register schedule egg-schedule:/Users/Vayron/site/ucoin/admin/server/node_modules/egg-logrotator/app/schedule/clean_log.js
2017-06-12 14:16:08,850 INFO 36840 [egg-schedule]: register schedule egg-schedule:/Users/Vayron/site/ucoin/admin/server/node_modules/egg-logrotator/app/schedule/rotate_by_file.js
2017-06-12 14:16:08,868 INFO 36840 [egg-mysql] connecting uae_dev@10.20.39.32:3306/UCOIN
2017-06-12 14:16:08,924 INFO 36840 [egg-mysql] connecting uae_dev@10.20.39.32:3306/UCOIN
2017-06-12 14:16:09,296 INFO 36840 [egg-static] starting static serve / -> /Users/Vayron/site/ucoin/admin/server/app/public
2017-06-12 14:16:09,298 INFO 36840 [egg-security] use csrf middleware
2017-06-12 14:16:09,300 INFO 36840 [egg-security] use methodnoallow middleware
2017-06-12 14:16:09,300 INFO 36840 [egg-security] use noopen middleware
2017-06-12 14:16:09,300 INFO 36840 [egg-security] use nosniff middleware
2017-06-12 14:16:09,301 INFO 36840 [egg-security] use xssProtection middleware
2017-06-12 14:16:09,301 INFO 36840 [egg-security] use xframe middleware
2017-06-12 14:16:09,301 INFO 36840 [egg-security] compose 6 middlewares into one security middleware
2017-06-12 14:16:09,418 INFO 36840 [egg-watcher:app] watcher start success
2017-06-12 14:16:09,473 INFO 36840 [egg-mysql] instance[0] status OK, rds currentTime: 2017-06-12 14:13:13
2017-06-12 14:16:09,476 INFO 36840 [egg-mysql] instance[1] status OK, rds currentTime: 2017-06-12 14:13:13
2017-06-12 14:30:54,907 INFO 37370 [egg:logger] init all loggers with options: {"dir":"/Users/Vayron/site/ucoin/admin/server/private/log","encoding":"utf8","env":"local","level":"INFO","consoleLevel":"INFO","outputJSON":false,"buffer":true,"appLogName":"ucoinadmin-web.log","coreLogName":"egg-web.log","agentLogName":"egg-agent.log","errorLogName":"common-error.log","coreLogger":{"consoleLevel":"WARN"},"type":"application"}
2017-06-12 14:30:54,907 INFO 37370 [nut] reading uae config: /Users/Vayron/site/ucoin/admin/server/conf/config.json
2017-06-12 14:30:55,425 INFO 37370 [egg-schedule]: register schedule egg-schedule:/Users/Vayron/site/ucoin/admin/server/node_modules/egg-logrotator/app/schedule/clean_log.js
2017-06-12 14:30:55,425 INFO 37370 [egg-schedule]: register schedule egg-schedule:/Users/Vayron/site/ucoin/admin/server/node_modules/egg-logrotator/app/schedule/rotate_by_file.js
2017-06-12 14:30:55,476 INFO 37370 [egg-mysql] connecting uae_dev@10.20.39.32:3306/UCOIN
2017-06-12 14:30:55,574 INFO 37370 [egg-mysql] connecting uae_dev@10.20.39.32:3306/UCOIN
2017-06-12 14:30:56,219 INFO 37370 [egg-static] starting static serve / -> /Users/Vayron/site/ucoin/admin/server/app/public
2017-06-12 14:30:56,223 INFO 37370 [egg-security] use csrf middleware
2017-06-12 14:30:56,225 INFO 37370 [egg-security] use methodnoallow middleware
2017-06-12 14:30:56,226 INFO 37370 [egg-security] use noopen middleware
2017-06-12 14:30:56,227 INFO 37370 [egg-security] use nosniff middleware
2017-06-12 14:30:56,228 INFO 37370 [egg-security] use xssProtection middleware
2017-06-12 14:30:56,229 INFO 37370 [egg-security] use xframe middleware
2017-06-12 14:30:56,229 INFO 37370 [egg-security] compose 6 middlewares into one security middleware
2017-06-12 14:30:56,383 INFO 37370 [egg-watcher:app] watcher start success
2017-06-12 14:30:56,438 INFO 37370 [egg-mysql] instance[0] status OK, rds currentTime: 2017-06-12 14:28:00
2017-06-12 14:30:56,440 INFO 37370 [egg-mysql] instance[1] status OK, rds currentTime: 2017-06-12 14:28:00
2017-06-12 14:43:29,484 INFO 37370 [egg-view-nunjucks] loading templates from ["/Users/Vayron/site/ucoin/admin/server/app/public"]
2017-08-04 17:49:42,268 INFO 31287 [egg:logger] init all loggers with options: {"dir":"/Users/cuichuang/Documents/study/server/private/log","encoding":"utf8","env":"local","level":"INFO","consoleLevel":"INFO","outputJSON":false,"buffer":true,"appLogName":"ucoinadmin-web.log","coreLogName":"egg-web.log","agentLogName":"egg-agent.log","errorLogName":"common-error.log","coreLogger":{"consoleLevel":"WARN"},"type":"application"}
2017-08-04 17:49:42,269 INFO 31287 [nut] reading uae config: /Users/cuichuang/Documents/study/server/conf/config.json
2017-08-04 17:49:42,641 INFO 31287 [egg-schedule]: register schedule egg-schedule:/Users/cuichuang/Documents/study/server/node_modules/egg-logrotator/app/schedule/clean_log.js
2017-08-04 17:49:42,641 INFO 31287 [egg-schedule]: register schedule egg-schedule:/Users/cuichuang/Documents/study/server/node_modules/egg-logrotator/app/schedule/rotate_by_file.js
2017-08-04 17:49:42,681 INFO 31287 [egg-mysql] connecting uae_dev@10.20.39.32:3306/UCOIN
2017-08-04 17:49:42,787 INFO 31287 [egg-mysql] connecting uae_dev@10.20.39.32:3306/UCOIN
2017-08-04 17:49:43,329 INFO 31287 [egg-static] starting static serve / -> /Users/cuichuang/Documents/study/server/app/public
2017-08-04 17:49:43,333 INFO 31287 [egg-security] use csrf middleware
2017-08-04 17:49:43,335 INFO 31287 [egg-security] use methodnoallow middleware
2017-08-04 17:49:43,336 INFO 31287 [egg-security] use noopen middleware
2017-08-04 17:49:43,337 INFO 31287 [egg-security] use nosniff middleware
2017-08-04 17:49:43,338 INFO 31287 [egg-security] use xssProtection middleware
2017-08-04 17:49:43,339 INFO 31287 [egg-security] use xframe middleware
2017-08-04 17:49:43,339 INFO 31287 [egg-security] compose 6 middlewares into one security middleware
2017-08-04 17:49:43,473 INFO 31287 [egg-watcher:app] watcher start success
2017-08-04 17:49:43,603 INFO 31287 [egg-mysql] instance[0] status OK, rds currentTime: 2017-08-04 17:49:43
2017-08-04 17:49:43,610 INFO 31287 [egg-mysql] instance[1] status OK, rds currentTime: 2017-08-04 17:49:43
2017-08-04 18:17:28,454 INFO 31287 [egg-view-nunjucks] loading templates from ["/Users/cuichuang/Documents/study/server/app/public"]
